(2024-03-06 22:15:36,012) [INFO] ================================================== (at run.py)
(2024-03-06 22:15:36,012) [INFO] [32m[Step 1] 데이터 파일 존재 여부 확인 시작[0m (at run.py)
(2024-03-06 22:15:36,012) [INFO] 총 5 개의 데이터 파일이 존재합니다. (at run.py)
(2024-03-06 22:15:38,470) [INFO] [32m[Step 1] 데이터 파일 존재 여부 확인 완료[0m (at run.py)
(2024-03-06 22:15:38,470) [INFO] ================================================== (at run.py)
(2024-03-06 22:15:38,470) [INFO] [32m[Step 2] 정의서 파일 존재 여부 확인 시작[0m (at run.py)
(2024-03-06 22:15:38,497) [INFO] [테이블정의서] 참고할 문서 파일 경로: /Users/donghyun/Desktop/mata/01_work/2024/NexR_qc/documents/테이블정의서.xlsx (at run.py)
(2024-03-06 22:15:38,529) [INFO] [컬럼정의서] 참고할 문서 파일 경로: /Users/donghyun/Desktop/mata/01_work/2024/NexR_qc/documents/컬럼정의서.xlsx (at run.py)
(2024-03-06 22:15:38,536) [INFO] [코드정의서] 참고할 문서 파일 경로: /Users/donghyun/Desktop/mata/01_work/2024/NexR_qc/documents/코드정의서.xlsx (at run.py)
(2024-03-06 22:15:38,536) [INFO] [32m[Step 2] 정의서 파일 존재 여부를 확인 완료[0m (at run.py)
(2024-03-06 22:15:38,537) [INFO] ================================================== (at run.py)
(2024-03-06 22:15:38,537) [INFO] [32m[Step 3] 사전에 등록된 결측값 확인 시작[0m (at run.py)
(2024-03-06 22:15:38,537) [INFO] 현재 결측값으로 등록된 값은 다음과 같습니다. (at run.py)
(2024-03-06 22:15:38,537) [INFO] ['?', 'na', 'null', 'Null', 'NULL', ' ', '[NULL]', 'np.nan', 'nan'] (at run.py)
(2024-03-06 22:15:38,537) [INFO] 결측값 추가 등록을 원하시면 config.json 파일 내 naList 값에 추가 시 반영됩니다. (at run.py)
(2024-03-06 22:15:38,537) [INFO] [32m[Step 3] 사전에 등록된 결측값 확인 완료[0m (at run.py)
(2024-03-06 22:15:38,537) [INFO] ================================================== (at run.py)
(2024-03-06 22:15:38,537) [INFO] [32m[Step 4] QC 사전 정보 확인 시작[0m (at run.py)
(2024-03-06 22:15:38,537) [INFO] ------------------------------ (at run.py)
(2024-03-06 22:15:38,537) [INFO] [Step 4-1] 데이터 자체 정보 확인 시작 (at run.py)
(2024-03-06 22:15:38,537) [INFO] 1 번째 데이터명: 원자재_종가_데이터 (at run.py)
(2024-03-06 22:15:38,537) [INFO] 2 번째 데이터명: ZBZ_TX_HISTORY (at run.py)
(2024-03-06 22:15:38,537) [INFO] 3 번째 데이터명: CAB_RIDES (at run.py)
(2024-03-06 22:15:38,537) [INFO] 4 번째 데이터명: CNT_TX_HISTORY (at run.py)
(2024-03-06 22:15:38,537) [INFO] 5 번째 데이터명: ZTC_TX_HISTORY (at run.py)
(2024-03-06 22:15:38,537) [INFO] [Step 4-1] 데이터 자체 정보 확인 완료 (at run.py)
(2024-03-06 22:15:38,537) [INFO] ------------------------------ (at run.py)
(2024-03-06 22:15:38,537) [INFO] [Step 4-2] 정의서 문서 정보 확인 시작 (at run.py)
(2024-03-06 22:15:38,537) [INFO] 테이블 정의서 내 원자재_종가_데이터 정보 확인 시작 (at run.py)
(2024-03-06 22:15:38,537) [INFO] 테이블 정의서에 원자재_종가_데이터 테이블 정보가 존재하지 않습니다. (at run.py)
(2024-03-06 22:15:38,538) [INFO] 테이블 정의서 내 원자재_종가_데이터 정보 확인 완료 (at run.py)
(2024-03-06 22:15:38,538) [INFO] 코드 정의서 내 원자재_종가_데이터 정보 확인 시작 (at run.py)
(2024-03-06 22:15:38,538) [INFO] 코드 정의서 내 원자재_종가_데이터 정보 확인 완료 (at run.py)
(2024-03-06 22:15:38,538) [INFO] 컬럼 정의서 내 원자재_종가_데이터 정보 확인 시작 (at run.py)
(2024-03-06 22:15:38,539) [INFO] 컬럼 정의서에 원자재_종가_데이터 테이블의 컬럼 정보가 존재하지 않습니다. (at run.py)
(2024-03-06 22:15:38,539) [INFO] 테이블 정의서 내 ZBZ_TX_HISTORY 정보 확인 시작 (at run.py)
(2024-03-06 22:15:38,539) [INFO] 테이블 정의서에 ZBZ_TX_HISTORY 테이블 정보가 존재합니다. (at run.py)
(2024-03-06 22:15:38,539) [INFO] 테이블 정의서 내 ZBZ_TX_HISTORY 정보 확인 완료 (at run.py)
(2024-03-06 22:15:38,539) [INFO] 코드 정의서 내 ZBZ_TX_HISTORY 정보 확인 시작 (at run.py)
(2024-03-06 22:15:38,540) [INFO] 코드 정의서 내 ZBZ_TX_HISTORY 정보 확인 완료 (at run.py)
(2024-03-06 22:15:38,540) [INFO] 컬럼 정의서 내 ZBZ_TX_HISTORY 정보 확인 시작 (at run.py)
(2024-03-06 22:15:38,540) [INFO] 컬럼 정의서에 ZBZ_TX_HISTORY 테이블의 컬럼 정보가 존재합니다. (at run.py)
(2024-03-06 22:15:38,540) [INFO] 컬럼 정의서에 TX HASH 컬럼 정보가 존재합니다. (at run.py)
(2024-03-06 22:15:38,540) [INFO] 컬럼 정의서에 BLOCK # 컬럼 정보가 존재합니다. (at run.py)
(2024-03-06 22:15:38,541) [INFO] 컬럼 정의서에 TIME(KST) 컬럼 정보가 존재합니다. (at run.py)
(2024-03-06 22:15:38,541) [INFO] 컬럼 정의서에 FROM 컬럼 정보가 존재합니다. (at run.py)
(2024-03-06 22:15:38,541) [INFO] 컬럼 정의서에 TO 컬럼 정보가 존재합니다. (at run.py)
(2024-03-06 22:15:38,542) [INFO] 컬럼 정의서에 AMOUNT 컬럼 정보가 존재합니다. (at run.py)
(2024-03-06 22:15:38,542) [INFO] 컬럼 정의서에 TOKEN ADDRESS 컬럼 정보가 존재합니다. (at run.py)
(2024-03-06 22:15:38,542) [INFO] 컬럼 정의서에 TOKEN NAME 컬럼 정보가 존재합니다. (at run.py)
(2024-03-06 22:15:38,543) [INFO] 컬럼 정의서에 TOKEN SYMBOL 컬럼 정보가 존재합니다. (at run.py)
(2024-03-06 22:15:38,543) [INFO] 테이블 정의서 내 CAB_RIDES 정보 확인 시작 (at run.py)
(2024-03-06 22:15:38,543) [INFO] 테이블 정의서에 CAB_RIDES 테이블 정보가 존재합니다. (at run.py)
(2024-03-06 22:15:38,543) [INFO] 테이블 정의서 내 CAB_RIDES 정보 확인 완료 (at run.py)
(2024-03-06 22:15:38,544) [INFO] 코드 정의서 내 CAB_RIDES 정보 확인 시작 (at run.py)
(2024-03-06 22:15:38,544) [INFO] 코드 정의서 내 CAB_RIDES 정보 확인 완료 (at run.py)
(2024-03-06 22:15:38,544) [INFO] 컬럼 정의서 내 CAB_RIDES 정보 확인 시작 (at run.py)
(2024-03-06 22:15:38,544) [INFO] 컬럼 정의서에 CAB_RIDES 테이블의 컬럼 정보가 존재합니다. (at run.py)
(2024-03-06 22:15:38,544) [INFO] 컬럼 정의서에 distance 컬럼 정보가 존재합니다. (at run.py)
(2024-03-06 22:15:38,544) [INFO] 컬럼 정의서에 cab_type 컬럼 정보가 존재합니다. (at run.py)
(2024-03-06 22:15:38,545) [INFO] 컬럼 정의서에 time_stamp 컬럼 정보가 존재합니다. (at run.py)
(2024-03-06 22:15:38,545) [INFO] 컬럼 정의서에 destination 컬럼 정보가 존재합니다. (at run.py)
(2024-03-06 22:15:38,545) [INFO] 컬럼 정의서에 source 컬럼 정보가 존재합니다. (at run.py)
(2024-03-06 22:15:38,546) [INFO] 컬럼 정의서에 price 컬럼 정보가 존재합니다. (at run.py)
(2024-03-06 22:15:38,546) [INFO] 컬럼 정의서에 surge_multiplier 컬럼 정보가 존재합니다. (at run.py)
(2024-03-06 22:15:38,546) [INFO] 컬럼 정의서에 id 컬럼 정보가 존재합니다. (at run.py)
(2024-03-06 22:15:38,547) [INFO] 컬럼 정의서에 product_id 컬럼 정보가 존재합니다. (at run.py)
(2024-03-06 22:15:38,547) [INFO] 컬럼 정의서에 name 컬럼 정보가 존재합니다. (at run.py)
(2024-03-06 22:15:38,547) [INFO] 테이블 정의서 내 CNT_TX_HISTORY 정보 확인 시작 (at run.py)
(2024-03-06 22:15:38,547) [INFO] 테이블 정의서에 CNT_TX_HISTORY 테이블 정보가 존재합니다. (at run.py)
(2024-03-06 22:15:38,548) [INFO] 테이블 정의서 내 CNT_TX_HISTORY 정보 확인 완료 (at run.py)
(2024-03-06 22:15:38,548) [INFO] 코드 정의서 내 CNT_TX_HISTORY 정보 확인 시작 (at run.py)
(2024-03-06 22:15:38,548) [INFO] 코드 정의서 내 CNT_TX_HISTORY 정보 확인 완료 (at run.py)
(2024-03-06 22:15:38,548) [INFO] 컬럼 정의서 내 CNT_TX_HISTORY 정보 확인 시작 (at run.py)
(2024-03-06 22:15:38,548) [INFO] 컬럼 정의서에 CNT_TX_HISTORY 테이블의 컬럼 정보가 존재합니다. (at run.py)
(2024-03-06 22:15:38,548) [INFO] 컬럼 정의서에 TX HASH 컬럼 정보가 존재합니다. (at run.py)
(2024-03-06 22:15:38,549) [INFO] 컬럼 정의서에 BLOCK # 컬럼 정보가 존재합니다. (at run.py)
(2024-03-06 22:15:38,549) [INFO] 컬럼 정의서에 TIME(KST) 컬럼 정보가 존재합니다. (at run.py)
(2024-03-06 22:15:38,549) [INFO] 컬럼 정의서에 FROM 컬럼 정보가 존재합니다. (at run.py)
(2024-03-06 22:15:38,550) [INFO] 컬럼 정의서에 TO 컬럼 정보가 존재합니다. (at run.py)
(2024-03-06 22:15:38,550) [INFO] 컬럼 정의서에 AMOUNT 컬럼 정보가 존재합니다. (at run.py)
(2024-03-06 22:15:38,550) [INFO] 컬럼 정의서에 TOKEN ADDRESS 컬럼 정보가 존재합니다. (at run.py)
(2024-03-06 22:15:38,551) [INFO] 컬럼 정의서에 TOKEN NAME 컬럼 정보가 존재합니다. (at run.py)
(2024-03-06 22:15:38,551) [INFO] 컬럼 정의서에 TOKEN SYMBOL 컬럼 정보가 존재합니다. (at run.py)
(2024-03-06 22:15:38,551) [INFO] 테이블 정의서 내 ZTC_TX_HISTORY 정보 확인 시작 (at run.py)
(2024-03-06 22:15:38,551) [INFO] 테이블 정의서에 ZTC_TX_HISTORY 테이블 정보가 존재합니다. (at run.py)
(2024-03-06 22:15:38,552) [INFO] 테이블 정의서 내 ZTC_TX_HISTORY 정보 확인 완료 (at run.py)
(2024-03-06 22:15:38,552) [INFO] 코드 정의서 내 ZTC_TX_HISTORY 정보 확인 시작 (at run.py)
(2024-03-06 22:15:38,552) [INFO] 코드 정의서 내 ZTC_TX_HISTORY 정보 확인 완료 (at run.py)
(2024-03-06 22:15:38,552) [INFO] 컬럼 정의서 내 ZTC_TX_HISTORY 정보 확인 시작 (at run.py)
(2024-03-06 22:15:38,552) [INFO] 컬럼 정의서에 ZTC_TX_HISTORY 테이블의 컬럼 정보가 존재합니다. (at run.py)
(2024-03-06 22:15:38,552) [INFO] 컬럼 정의서에 TX HASH 컬럼 정보가 존재합니다. (at run.py)
(2024-03-06 22:15:38,553) [INFO] 컬럼 정의서에 BLOCK # 컬럼 정보가 존재합니다. (at run.py)
(2024-03-06 22:15:38,553) [INFO] 컬럼 정의서에 TIME(KST) 컬럼 정보가 존재합니다. (at run.py)
(2024-03-06 22:15:38,553) [INFO] 컬럼 정의서에 FROM 컬럼 정보가 존재합니다. (at run.py)
(2024-03-06 22:15:38,554) [INFO] 컬럼 정의서에 TO 컬럼 정보가 존재합니다. (at run.py)
(2024-03-06 22:15:38,554) [INFO] 컬럼 정의서에 AMOUNT 컬럼 정보가 존재합니다. (at run.py)
(2024-03-06 22:15:38,554) [INFO] 컬럼 정의서에 TOKEN ADDRESS 컬럼 정보가 존재합니다. (at run.py)
(2024-03-06 22:15:38,555) [INFO] 컬럼 정의서에 TOKEN NAME 컬럼 정보가 존재합니다. (at run.py)
(2024-03-06 22:15:38,555) [INFO] 컬럼 정의서에 TOKEN SYMBOL 컬럼 정보가 존재합니다. (at run.py)
(2024-03-06 22:15:38,555) [INFO] [Step 4-2] 정의서 문서 정보 확인 완료 (at run.py)
(2024-03-06 22:15:38,555) [INFO] [32m[Step 4] QC 사전 정보 확인 완료[0m (at run.py)
(2024-03-06 22:15:38,555) [INFO] ================================================== (at run.py)
(2024-03-06 22:15:38,555) [INFO] [32m[Step 5] 항목별 데이터 QC 시작[0m (at run.py)
(2024-03-06 22:15:38,555) [INFO] [원자재_종가_데이터] QC 시작 (at run.py)
(2024-03-06 22:15:38,592) [INFO] [원자재_종가_데이터] QC 완료 (at run.py)
(2024-03-06 22:15:38,592) [INFO] [ZBZ_TX_HISTORY] QC 시작 (at run.py)
(2024-03-06 22:15:38,605) [INFO] [ZBZ_TX_HISTORY] QC 완료 (at run.py)
(2024-03-06 22:15:38,605) [INFO] [CAB_RIDES] QC 시작 (at run.py)
(2024-03-06 22:15:43,878) [INFO] [CAB_RIDES] QC 완료 (at run.py)
(2024-03-06 22:15:43,879) [INFO] [CNT_TX_HISTORY] QC 시작 (at run.py)
(2024-03-06 22:15:43,906) [INFO] [CNT_TX_HISTORY] QC 완료 (at run.py)
(2024-03-06 22:15:43,907) [INFO] [ZTC_TX_HISTORY] QC 시작 (at run.py)
(2024-03-06 22:15:44,405) [INFO] [ZTC_TX_HISTORY] QC 완료 (at run.py)
(2024-03-06 22:15:44,405) [INFO] [32m[Step 5] 항목별 데이터 QC 완료[0m (at run.py)
(2024-03-06 22:15:44,405) [INFO] ================================================== (at run.py)
(2024-03-06 22:15:44,405) [INFO] [32m[Step 6] 데이터 QC 결과 저장 작업 시작[0m (at run.py)
(2024-03-06 22:15:44,411) [INFO] 테이블 리스트 시트 생성 완료 (at run.py)
(2024-03-06 22:15:44,456) [INFO] [5 / 5] 번째 엑셀 시트 생성 완료 (at run.py)
(2024-03-06 22:15:44,508) [INFO] 테이블 리스트 시트 서식 편집 완료 (at run.py)
(2024-03-06 22:15:44,652) [INFO] [5 / 5] 번째 엑셀 시트 생성 완료 (at run.py)
(2024-03-06 22:15:44,674) [INFO] [32m[Step 6] 데이터 QC 결과 저장 작업 완료[0m (at run.py)
(2024-03-06 22:15:44,674) [INFO] [32m모든 QC 프로세스가 완료되었습니다.[0m (at run.py)
(2024-03-06 22:15:44,674) [INFO] 소요시간: 00:00:08 (at run.py)
(2024-03-06 22:15:44,674) [INFO] 산출물 파일 경로: [34m/Users/donghyun/Desktop/mata/01_work/2024/NexR_qc/output/QC결과서_20240306_221544.xlsx[0m (at run.py)
