(2024-03-06 22:27:54,934) [INFO] ================================================== (at run.py)
(2024-03-06 22:27:54,935) [INFO] [32m[Step 1] 데이터 파일 존재 여부 확인 시작[0m (at run.py)
(2024-03-06 22:27:54,935) [INFO] 총 3 개의 데이터 파일이 존재합니다. (at run.py)
(2024-03-06 22:28:07,547) [INFO] [32m[Step 1] 데이터 파일 존재 여부 확인 완료[0m (at run.py)
(2024-03-06 22:28:07,548) [INFO] ================================================== (at run.py)
(2024-03-06 22:28:07,548) [INFO] [32m[Step 2] 정의서 파일 존재 여부 확인 시작[0m (at run.py)
(2024-03-06 22:28:07,548) [INFO] [테이블정의서] 참고할 문서 파일이 없습니다. (at run.py)
(2024-03-06 22:28:07,548) [INFO] [컬럼정의서] 참고할 문서 파일이 없습니다. (at run.py)
(2024-03-06 22:28:07,548) [INFO] [코드정의서] 참고할 문서 파일이 없습니다. (at run.py)
(2024-03-06 22:28:07,548) [INFO] [32m[Step 2] 정의서 파일 존재 여부를 확인 완료[0m (at run.py)
(2024-03-06 22:28:07,548) [INFO] ================================================== (at run.py)
(2024-03-06 22:28:07,548) [INFO] [32m[Step 3] 사전에 등록된 결측값 확인 시작[0m (at run.py)
(2024-03-06 22:28:07,548) [INFO] 현재 결측값으로 등록된 값은 다음과 같습니다. (at run.py)
(2024-03-06 22:28:07,548) [INFO] ['?', 'na', 'null', 'Null', 'NULL', ' ', '[NULL]', 'np.nan', 'nan'] (at run.py)
(2024-03-06 22:28:07,548) [INFO] 결측값 추가 등록을 원하시면 config.json 파일 내 naList 값에 추가 시 반영됩니다. (at run.py)
(2024-03-06 22:28:07,548) [INFO] [32m[Step 3] 사전에 등록된 결측값 확인 완료[0m (at run.py)
(2024-03-06 22:28:07,548) [INFO] ================================================== (at run.py)
(2024-03-06 22:28:07,548) [INFO] [32m[Step 4] QC 사전 정보 확인 시작[0m (at run.py)
(2024-03-06 22:28:07,548) [INFO] ------------------------------ (at run.py)
(2024-03-06 22:28:07,548) [INFO] [Step 4-1] 데이터 자체 정보 확인 시작 (at run.py)
(2024-03-06 22:28:07,548) [INFO] 1 번째 데이터명: GPSDATA_2307_1000 (at run.py)
(2024-03-06 22:28:07,548) [INFO] 2 번째 데이터명: GPSDATA_2307_1000M (at run.py)
(2024-03-06 22:28:07,548) [INFO] 3 번째 데이터명: GPSDATA_2307_2000 (at run.py)
(2024-03-06 22:28:07,548) [INFO] [Step 4-1] 데이터 자체 정보 확인 완료 (at run.py)
(2024-03-06 22:28:07,548) [INFO] ------------------------------ (at run.py)
(2024-03-06 22:28:07,548) [INFO] [Step 4-2] 정의서 문서 정보 확인 시작 (at run.py)
(2024-03-06 22:28:07,548) [INFO] 테이블 정의서 내 GPSDATA_2307_1000 정보 확인 시작 (at run.py)
(2024-03-06 22:28:07,548) [INFO] 테이블 정의서 문서가 존재하지 않습니다. (at run.py)
(2024-03-06 22:28:07,550) [INFO] 테이블 정의서 내 GPSDATA_2307_1000 정보 확인 완료 (at run.py)
(2024-03-06 22:28:07,550) [INFO] 코드 정의서 내 GPSDATA_2307_1000 정보 확인 시작 (at run.py)
(2024-03-06 22:28:07,550) [INFO] 코드 정의서 내 GPSDATA_2307_1000 정보 확인 완료 (at run.py)
(2024-03-06 22:28:07,550) [INFO] 컬럼 정의서 내 GPSDATA_2307_1000 정보 확인 시작 (at run.py)
(2024-03-06 22:28:07,550) [INFO] 컬럼 정의서 문서가 존재하지 않습니다. (at run.py)
(2024-03-06 22:28:07,550) [INFO] 테이블 정의서 내 GPSDATA_2307_1000M 정보 확인 시작 (at run.py)
(2024-03-06 22:28:07,550) [INFO] 테이블 정의서 문서가 존재하지 않습니다. (at run.py)
(2024-03-06 22:28:07,551) [INFO] 테이블 정의서 내 GPSDATA_2307_1000M 정보 확인 완료 (at run.py)
(2024-03-06 22:28:07,551) [INFO] 코드 정의서 내 GPSDATA_2307_1000M 정보 확인 시작 (at run.py)
(2024-03-06 22:28:07,551) [INFO] 코드 정의서 내 GPSDATA_2307_1000M 정보 확인 완료 (at run.py)
(2024-03-06 22:28:07,551) [INFO] 컬럼 정의서 내 GPSDATA_2307_1000M 정보 확인 시작 (at run.py)
(2024-03-06 22:28:07,551) [INFO] 컬럼 정의서 문서가 존재하지 않습니다. (at run.py)
(2024-03-06 22:28:07,551) [INFO] 테이블 정의서 내 GPSDATA_2307_2000 정보 확인 시작 (at run.py)
(2024-03-06 22:28:07,551) [INFO] 테이블 정의서 문서가 존재하지 않습니다. (at run.py)
(2024-03-06 22:28:07,551) [INFO] 테이블 정의서 내 GPSDATA_2307_2000 정보 확인 완료 (at run.py)
(2024-03-06 22:28:07,551) [INFO] 코드 정의서 내 GPSDATA_2307_2000 정보 확인 시작 (at run.py)
(2024-03-06 22:28:07,551) [INFO] 코드 정의서 내 GPSDATA_2307_2000 정보 확인 완료 (at run.py)
(2024-03-06 22:28:07,551) [INFO] 컬럼 정의서 내 GPSDATA_2307_2000 정보 확인 시작 (at run.py)
(2024-03-06 22:28:07,552) [INFO] 컬럼 정의서 문서가 존재하지 않습니다. (at run.py)
(2024-03-06 22:28:07,552) [INFO] [Step 4-2] 정의서 문서 정보 확인 완료 (at run.py)
(2024-03-06 22:28:07,552) [INFO] [32m[Step 4] QC 사전 정보 확인 완료[0m (at run.py)
(2024-03-06 22:28:07,552) [INFO] ================================================== (at run.py)
(2024-03-06 22:28:07,552) [INFO] [32m[Step 5] 항목별 데이터 QC 시작[0m (at run.py)
(2024-03-06 22:28:07,552) [INFO] [GPSDATA_2307_1000] QC 시작 (at run.py)
(2024-03-06 22:28:07,570) [INFO] [GPSDATA_2307_1000] QC 완료 (at run.py)
(2024-03-06 22:28:07,570) [INFO] [GPSDATA_2307_1000M] QC 시작 (at run.py)
(2024-03-06 22:28:36,089) [INFO] [GPSDATA_2307_1000M] QC 완료 (at run.py)
(2024-03-06 22:28:36,089) [INFO] [GPSDATA_2307_2000] QC 시작 (at run.py)
(2024-03-06 22:28:36,099) [INFO] [GPSDATA_2307_2000] QC 완료 (at run.py)
(2024-03-06 22:28:36,099) [INFO] [32m[Step 5] 항목별 데이터 QC 완료[0m (at run.py)
(2024-03-06 22:28:36,099) [INFO] ================================================== (at run.py)
(2024-03-06 22:28:36,099) [INFO] [32m[Step 6] 데이터 QC 결과 저장 작업 시작[0m (at run.py)
(2024-03-06 22:28:36,106) [INFO] 테이블 리스트 시트 생성 완료 (at run.py)
(2024-03-06 22:28:36,132) [INFO] [3 / 3] 번째 엑셀 시트 생성 완료 (at run.py)
(2024-03-06 22:28:36,163) [INFO] 테이블 리스트 시트 서식 편집 완료 (at run.py)
(2024-03-06 22:28:36,236) [INFO] [3 / 3] 번째 엑셀 시트 생성 완료 (at run.py)
(2024-03-06 22:28:36,252) [INFO] [32m[Step 6] 데이터 QC 결과 저장 작업 완료[0m (at run.py)
(2024-03-06 22:28:36,252) [INFO] [32m모든 QC 프로세스가 완료되었습니다.[0m (at run.py)
(2024-03-06 22:28:36,252) [INFO] 소요시간: 00:00:41 (at run.py)
(2024-03-06 22:28:36,252) [INFO] 산출물 파일 경로: [34m/Users/donghyun/Desktop/mata/01_work/2024/NexR_qc/output/QC결과서_20240306_222836.xlsx[0m (at run.py)
