(2024-04-11 11:26:30,904) [INFO] ================================================== (at run.py)
(2024-04-11 11:26:30,905) [INFO] [32m[Step 1] 데이터 파일 존재 여부 확인 시작[0m (at run.py)
(2024-04-11 11:26:30,905) [INFO] 총 5 개의 데이터 파일이 존재합니다. (at run.py)
(2024-04-11 11:26:33,632) [INFO] 컬럼 중 날짜 혹은 시간 관련 컬럼 존재 여부를 알려주세요. (컬럼 정의서에 명시가 되어있는 경우나 날짜 혹은 시간 관련 컬럼이 없는 경우는 Enter로 넘어가셔도 됩니다.)
현재 원자재_종가_데이터 데이터의 컬럼은 다음과 같습니다.
['Date', '미국 대두유 선물', '니켈 선물', '런던 가스 오일 선물', '가솔린 RBOB 선물', '미국 코코아 선물', '미국 소맥 선물', '현미 선물', '생우 선물', '미국 원면 No.2 선물', '미국 커피 C 선물', '아연 선물', 'WTI유 선물', '원목', '미국 옥수수 선물', '오렌지 주스 선물', '천연가스 선물', '런던 커피 선물', '브렌트유 선물', '구리 선물', '백금 선물', '은 선물', '육우 선물', '알루미늄', '미국 대두 선물', '팔라듐 선물', '귀리 선물', '금 선물', '미국 설탕 No.11 선물', '미국 대두박 선물', '난방유 선물', '돈육 선물']

 (at run.py)
(2024-04-11 11:26:36,574) [INFO] [33;20m[원자재_종가_데이터] 날짜 혹은 시간 관련 컬럼:[0m: ['Date'] (at run.py)
(2024-04-11 11:26:36,582) [INFO] 컬럼 중 날짜 혹은 시간 관련 컬럼 존재 여부를 알려주세요. (컬럼 정의서에 명시가 되어있는 경우나 날짜 혹은 시간 관련 컬럼이 없는 경우는 Enter로 넘어가셔도 됩니다.)
현재 ZBZ_TX_HISTORY 데이터의 컬럼은 다음과 같습니다.
['TX HASH', 'BLOCK #', 'TIME(KST)', 'FROM', 'TO', 'AMOUNT', 'TOKEN ADDRESS', 'TOKEN NAME', 'TOKEN SYMBOL']

 (at run.py)
(2024-04-11 11:26:41,657) [INFO] [33;20m[ZBZ_TX_HISTORY] 날짜 혹은 시간 관련 컬럼:[0m: ['TIME(KST)'] (at run.py)
(2024-04-11 11:26:42,596) [INFO] 컬럼 중 날짜 혹은 시간 관련 컬럼 존재 여부를 알려주세요. (컬럼 정의서에 명시가 되어있는 경우나 날짜 혹은 시간 관련 컬럼이 없는 경우는 Enter로 넘어가셔도 됩니다.)
현재 CAB_RIDES 데이터의 컬럼은 다음과 같습니다.
['distance', 'cab_type', 'time_stamp', 'destination', 'source', 'price', 'surge_multiplier', 'id', 'product_id', 'name']

 (at run.py)
(2024-04-11 11:26:48,606) [INFO] [33;20m[CAB_RIDES] 날짜 혹은 시간 관련 컬럼:[0m: [] (at run.py)
(2024-04-11 11:26:48,621) [INFO] 컬럼 중 날짜 혹은 시간 관련 컬럼 존재 여부를 알려주세요. (컬럼 정의서에 명시가 되어있는 경우나 날짜 혹은 시간 관련 컬럼이 없는 경우는 Enter로 넘어가셔도 됩니다.)
현재 CNT_TX_HISTORY 데이터의 컬럼은 다음과 같습니다.
['TX HASH', 'BLOCK #', 'TIME(KST)', 'FROM', 'TO', 'AMOUNT', 'TOKEN ADDRESS', 'TOKEN NAME', 'TOKEN SYMBOL']

 (at run.py)
(2024-04-11 11:26:53,123) [INFO] [33;20m[CNT_TX_HISTORY] 날짜 혹은 시간 관련 컬럼:[0m: ['TIME(KST)'] (at run.py)
(2024-04-11 11:26:53,278) [INFO] 컬럼 중 날짜 혹은 시간 관련 컬럼 존재 여부를 알려주세요. (컬럼 정의서에 명시가 되어있는 경우나 날짜 혹은 시간 관련 컬럼이 없는 경우는 Enter로 넘어가셔도 됩니다.)
현재 ZTC_TX_HISTORY 데이터의 컬럼은 다음과 같습니다.
['TX HASH', 'BLOCK #', 'TIME(KST)', 'FROM', 'TO', 'AMOUNT', 'TOKEN ADDRESS', 'TOKEN NAME', 'TOKEN SYMBOL']

 (at run.py)
(2024-04-11 11:27:03,707) [INFO] [33;20m[ZTC_TX_HISTORY] 날짜 혹은 시간 관련 컬럼:[0m: ['TIME(KST)'] (at run.py)
(2024-04-11 11:27:03,708) [INFO] [32m[Step 1] 데이터 파일 존재 여부 확인 완료[0m (at run.py)
(2024-04-11 11:27:03,708) [INFO] ================================================== (at run.py)
(2024-04-11 11:27:03,708) [INFO] [32m[Step 2] 정의서 파일 존재 여부 확인 시작[0m (at run.py)
(2024-04-11 11:27:03,768) [INFO] [테이블정의서] 참고할 문서 파일 경로: /Users/donghyun/Desktop/mata/01_work/2024/NexR_qc/documents/테이블정의서.xlsx (at run.py)
(2024-04-11 11:27:03,808) [INFO] [컬럼정의서] 참고할 문서 파일 경로: /Users/donghyun/Desktop/mata/01_work/2024/NexR_qc/documents/컬럼정의서.xlsx (at run.py)
(2024-04-11 11:27:03,816) [INFO] [코드정의서] 참고할 문서 파일 경로: /Users/donghyun/Desktop/mata/01_work/2024/NexR_qc/documents/코드정의서.xlsx (at run.py)
(2024-04-11 11:27:03,816) [INFO] [32m[Step 2] 정의서 파일 존재 여부를 확인 완료[0m (at run.py)
(2024-04-11 11:27:03,816) [INFO] ================================================== (at run.py)
(2024-04-11 11:27:03,816) [INFO] [32m[Step 3] 사전에 등록된 결측값 확인 시작[0m (at run.py)
(2024-04-11 11:27:03,816) [INFO] 현재 결측값으로 등록된 값은 다음과 같습니다. (at run.py)
(2024-04-11 11:27:03,816) [INFO] ['?', 'na', 'null', 'Null', 'NULL', ' ', '[NULL]', 'nan', 'np.nan'] (at run.py)
(2024-04-11 11:27:03,816) [INFO] 결측값 추가 등록을 원하시면 config.json 파일 내 naList 값에 추가 시 반영됩니다. (at run.py)
(2024-04-11 11:27:03,816) [INFO] [32m[Step 3] 사전에 등록된 결측값 확인 완료[0m (at run.py)
(2024-04-11 11:27:03,816) [INFO] ================================================== (at run.py)
(2024-04-11 11:27:03,816) [INFO] [32m[Step 4] QC 사전 정보 확인 시작[0m (at run.py)
(2024-04-11 11:27:03,816) [INFO] ------------------------------ (at run.py)
(2024-04-11 11:27:03,816) [INFO] [Step 4-1] 데이터 자체 정보 확인 시작 (at run.py)
(2024-04-11 11:27:03,816) [INFO] 1 번째 데이터명: 원자재_종가_데이터 (at run.py)
(2024-04-11 11:27:03,816) [INFO] 2 번째 데이터명: ZBZ_TX_HISTORY (at run.py)
(2024-04-11 11:27:03,816) [INFO] 3 번째 데이터명: CAB_RIDES (at run.py)
(2024-04-11 11:27:03,816) [INFO] 4 번째 데이터명: CNT_TX_HISTORY (at run.py)
(2024-04-11 11:27:03,816) [INFO] 5 번째 데이터명: ZTC_TX_HISTORY (at run.py)
(2024-04-11 11:27:03,816) [INFO] [Step 4-1] 데이터 자체 정보 확인 완료 (at run.py)
(2024-04-11 11:27:03,816) [INFO] ------------------------------ (at run.py)
(2024-04-11 11:27:03,816) [INFO] [Step 4-2] 정의서 문서 정보 확인 시작 (at run.py)
(2024-04-11 11:27:03,816) [INFO] 테이블 정의서 내 원자재_종가_데이터 정보 확인 시작 (at run.py)
(2024-04-11 11:27:03,816) [INFO] 테이블 정의서에 원자재_종가_데이터 테이블 정보가 존재하지 않습니다. (at run.py)
(2024-04-11 11:27:03,817) [INFO] 테이블 정의서 내 원자재_종가_데이터 정보 확인 완료 (at run.py)
(2024-04-11 11:27:03,817) [INFO] 코드 정의서 내 원자재_종가_데이터 정보 확인 시작 (at run.py)
(2024-04-11 11:27:03,817) [INFO] 코드 정의서 내 원자재_종가_데이터 정보 확인 완료 (at run.py)
(2024-04-11 11:27:03,817) [INFO] 컬럼 정의서 내 원자재_종가_데이터 정보 확인 시작 (at run.py)
(2024-04-11 11:27:03,818) [INFO] 컬럼 정의서에 원자재_종가_데이터 테이블의 컬럼 정보가 존재하지 않습니다. (at run.py)
(2024-04-11 11:27:03,818) [INFO] 테이블 정의서 내 ZBZ_TX_HISTORY 정보 확인 시작 (at run.py)
(2024-04-11 11:27:03,818) [INFO] 테이블 정의서에 ZBZ_TX_HISTORY 테이블 정보가 존재합니다. (at run.py)
(2024-04-11 11:27:03,819) [INFO] 테이블 정의서 내 ZBZ_TX_HISTORY 정보 확인 완료 (at run.py)
(2024-04-11 11:27:03,819) [INFO] 코드 정의서 내 ZBZ_TX_HISTORY 정보 확인 시작 (at run.py)
(2024-04-11 11:27:03,819) [INFO] 코드 정의서 내 ZBZ_TX_HISTORY 정보 확인 완료 (at run.py)
(2024-04-11 11:27:03,819) [INFO] 컬럼 정의서 내 ZBZ_TX_HISTORY 정보 확인 시작 (at run.py)
(2024-04-11 11:27:03,819) [INFO] 컬럼 정의서에 ZBZ_TX_HISTORY 테이블의 컬럼 정보가 존재합니다. (at run.py)
(2024-04-11 11:27:03,819) [INFO] 컬럼 정의서에 ZBZ_TX_HISTORY 테이블의 TX HASH 컬럼 정보가 존재합니다. (at run.py)
(2024-04-11 11:27:03,820) [INFO] 컬럼 정의서에 ZBZ_TX_HISTORY 테이블의 BLOCK # 컬럼 정보가 존재합니다. (at run.py)
(2024-04-11 11:27:03,820) [INFO] 컬럼 정의서에 ZBZ_TX_HISTORY 테이블의 TIME(KST) 컬럼 정보가 존재합니다. (at run.py)
(2024-04-11 11:27:03,820) [INFO] 컬럼 정의서에 ZBZ_TX_HISTORY 테이블의 FROM 컬럼 정보가 존재합니다. (at run.py)
(2024-04-11 11:27:03,821) [INFO] 컬럼 정의서에 ZBZ_TX_HISTORY 테이블의 TO 컬럼 정보가 존재합니다. (at run.py)
(2024-04-11 11:27:03,821) [INFO] 컬럼 정의서에 ZBZ_TX_HISTORY 테이블의 AMOUNT 컬럼 정보가 존재합니다. (at run.py)
(2024-04-11 11:27:03,821) [INFO] 컬럼 정의서에 ZBZ_TX_HISTORY 테이블의 TOKEN ADDRESS 컬럼 정보가 존재합니다. (at run.py)
(2024-04-11 11:27:03,821) [INFO] 컬럼 정의서에 ZBZ_TX_HISTORY 테이블의 TOKEN NAME 컬럼 정보가 존재합니다. (at run.py)
(2024-04-11 11:27:03,822) [INFO] 컬럼 정의서에 ZBZ_TX_HISTORY 테이블의 TOKEN SYMBOL 컬럼 정보가 존재합니다. (at run.py)
(2024-04-11 11:27:03,822) [INFO] 테이블 정의서 내 CAB_RIDES 정보 확인 시작 (at run.py)
(2024-04-11 11:27:03,822) [INFO] 테이블 정의서에 CAB_RIDES 테이블 정보가 존재합니다. (at run.py)
(2024-04-11 11:27:03,823) [INFO] 테이블 정의서 내 CAB_RIDES 정보 확인 완료 (at run.py)
(2024-04-11 11:27:03,823) [INFO] 코드 정의서 내 CAB_RIDES 정보 확인 시작 (at run.py)
(2024-04-11 11:27:03,823) [INFO] 코드 정의서 내 CAB_RIDES 정보 확인 완료 (at run.py)
(2024-04-11 11:27:03,823) [INFO] 컬럼 정의서 내 CAB_RIDES 정보 확인 시작 (at run.py)
(2024-04-11 11:27:03,823) [INFO] 컬럼 정의서에 CAB_RIDES 테이블의 컬럼 정보가 존재합니다. (at run.py)
(2024-04-11 11:27:03,823) [INFO] 컬럼 정의서에 CAB_RIDES 테이블의 distance 컬럼 정보가 존재합니다. (at run.py)
(2024-04-11 11:27:03,824) [INFO] 컬럼 정의서에 CAB_RIDES 테이블의 cab_type 컬럼 정보가 존재합니다. (at run.py)
(2024-04-11 11:27:03,824) [INFO] 컬럼 정의서에 CAB_RIDES 테이블의 time_stamp 컬럼 정보가 존재합니다. (at run.py)
(2024-04-11 11:27:03,825) [INFO] 컬럼 정의서에 CAB_RIDES 테이블의 destination 컬럼 정보가 존재합니다. (at run.py)
(2024-04-11 11:27:03,825) [INFO] 컬럼 정의서에 CAB_RIDES 테이블의 source 컬럼 정보가 존재합니다. (at run.py)
(2024-04-11 11:27:03,825) [INFO] 컬럼 정의서에 CAB_RIDES 테이블의 price 컬럼 정보가 존재합니다. (at run.py)
(2024-04-11 11:27:03,825) [INFO] 컬럼 정의서에 CAB_RIDES 테이블의 surge_multiplier 컬럼 정보가 존재합니다. (at run.py)
(2024-04-11 11:27:03,826) [INFO] 컬럼 정의서에 CAB_RIDES 테이블의 id 컬럼 정보가 존재합니다. (at run.py)
(2024-04-11 11:27:03,826) [INFO] 컬럼 정의서에 CAB_RIDES 테이블의 product_id 컬럼 정보가 존재합니다. (at run.py)
(2024-04-11 11:27:03,826) [INFO] 컬럼 정의서에 CAB_RIDES 테이블의 name 컬럼 정보가 존재합니다. (at run.py)
(2024-04-11 11:27:03,827) [INFO] 테이블 정의서 내 CNT_TX_HISTORY 정보 확인 시작 (at run.py)
(2024-04-11 11:27:03,827) [INFO] 테이블 정의서에 CNT_TX_HISTORY 테이블 정보가 존재합니다. (at run.py)
(2024-04-11 11:27:03,827) [INFO] 테이블 정의서 내 CNT_TX_HISTORY 정보 확인 완료 (at run.py)
(2024-04-11 11:27:03,827) [INFO] 코드 정의서 내 CNT_TX_HISTORY 정보 확인 시작 (at run.py)
(2024-04-11 11:27:03,827) [INFO] 코드 정의서 내 CNT_TX_HISTORY 정보 확인 완료 (at run.py)
(2024-04-11 11:27:03,827) [INFO] 컬럼 정의서 내 CNT_TX_HISTORY 정보 확인 시작 (at run.py)
(2024-04-11 11:27:03,828) [INFO] 컬럼 정의서에 CNT_TX_HISTORY 테이블의 컬럼 정보가 존재합니다. (at run.py)
(2024-04-11 11:27:03,828) [INFO] 컬럼 정의서에 CNT_TX_HISTORY 테이블의 TX HASH 컬럼 정보가 존재합니다. (at run.py)
(2024-04-11 11:27:03,828) [INFO] 컬럼 정의서에 CNT_TX_HISTORY 테이블의 BLOCK # 컬럼 정보가 존재합니다. (at run.py)
(2024-04-11 11:27:03,829) [INFO] 컬럼 정의서에 CNT_TX_HISTORY 테이블의 TIME(KST) 컬럼 정보가 존재합니다. (at run.py)
(2024-04-11 11:27:03,829) [INFO] 컬럼 정의서에 CNT_TX_HISTORY 테이블의 FROM 컬럼 정보가 존재합니다. (at run.py)
(2024-04-11 11:27:03,829) [INFO] 컬럼 정의서에 CNT_TX_HISTORY 테이블의 TO 컬럼 정보가 존재합니다. (at run.py)
(2024-04-11 11:27:03,829) [INFO] 컬럼 정의서에 CNT_TX_HISTORY 테이블의 AMOUNT 컬럼 정보가 존재합니다. (at run.py)
(2024-04-11 11:27:03,830) [INFO] 컬럼 정의서에 CNT_TX_HISTORY 테이블의 TOKEN ADDRESS 컬럼 정보가 존재합니다. (at run.py)
(2024-04-11 11:27:03,830) [INFO] 컬럼 정의서에 CNT_TX_HISTORY 테이블의 TOKEN NAME 컬럼 정보가 존재합니다. (at run.py)
(2024-04-11 11:27:03,830) [INFO] 컬럼 정의서에 CNT_TX_HISTORY 테이블의 TOKEN SYMBOL 컬럼 정보가 존재합니다. (at run.py)
(2024-04-11 11:27:03,831) [INFO] 테이블 정의서 내 ZTC_TX_HISTORY 정보 확인 시작 (at run.py)
(2024-04-11 11:27:03,831) [INFO] 테이블 정의서에 ZTC_TX_HISTORY 테이블 정보가 존재합니다. (at run.py)
(2024-04-11 11:27:03,831) [INFO] 테이블 정의서 내 ZTC_TX_HISTORY 정보 확인 완료 (at run.py)
(2024-04-11 11:27:03,831) [INFO] 코드 정의서 내 ZTC_TX_HISTORY 정보 확인 시작 (at run.py)
(2024-04-11 11:27:03,831) [INFO] 코드 정의서 내 ZTC_TX_HISTORY 정보 확인 완료 (at run.py)
(2024-04-11 11:27:03,831) [INFO] 컬럼 정의서 내 ZTC_TX_HISTORY 정보 확인 시작 (at run.py)
(2024-04-11 11:27:03,832) [INFO] 컬럼 정의서에 ZTC_TX_HISTORY 테이블의 컬럼 정보가 존재합니다. (at run.py)
(2024-04-11 11:27:03,832) [INFO] 컬럼 정의서에 ZTC_TX_HISTORY 테이블의 TX HASH 컬럼 정보가 존재합니다. (at run.py)
(2024-04-11 11:27:03,832) [INFO] 컬럼 정의서에 ZTC_TX_HISTORY 테이블의 BLOCK # 컬럼 정보가 존재합니다. (at run.py)
(2024-04-11 11:27:03,832) [INFO] 컬럼 정의서에 ZTC_TX_HISTORY 테이블의 TIME(KST) 컬럼 정보가 존재합니다. (at run.py)
(2024-04-11 11:27:03,833) [INFO] 컬럼 정의서에 ZTC_TX_HISTORY 테이블의 FROM 컬럼 정보가 존재합니다. (at run.py)
(2024-04-11 11:27:03,833) [INFO] 컬럼 정의서에 ZTC_TX_HISTORY 테이블의 TO 컬럼 정보가 존재합니다. (at run.py)
(2024-04-11 11:27:03,833) [INFO] 컬럼 정의서에 ZTC_TX_HISTORY 테이블의 AMOUNT 컬럼 정보가 존재합니다. (at run.py)
(2024-04-11 11:27:03,834) [INFO] 컬럼 정의서에 ZTC_TX_HISTORY 테이블의 TOKEN ADDRESS 컬럼 정보가 존재합니다. (at run.py)
(2024-04-11 11:27:03,834) [INFO] 컬럼 정의서에 ZTC_TX_HISTORY 테이블의 TOKEN NAME 컬럼 정보가 존재합니다. (at run.py)
(2024-04-11 11:27:03,834) [INFO] 컬럼 정의서에 ZTC_TX_HISTORY 테이블의 TOKEN SYMBOL 컬럼 정보가 존재합니다. (at run.py)
(2024-04-11 11:27:03,835) [INFO] [Step 4-2] 정의서 문서 정보 확인 완료 (at run.py)
(2024-04-11 11:27:03,835) [INFO] [32m[Step 4] QC 사전 정보 확인 완료[0m (at run.py)
(2024-04-11 11:27:03,835) [INFO] ================================================== (at run.py)
(2024-04-11 11:27:03,835) [INFO] [32m[Step 5] 항목별 데이터 QC 시작[0m (at run.py)
(2024-04-11 11:27:03,835) [INFO] [원자재_종가_데이터] QC 시작 (at run.py)
(2024-04-11 11:27:03,875) [INFO] [원자재_종가_데이터] QC 완료 (at run.py)
(2024-04-11 11:27:03,875) [INFO] [ZBZ_TX_HISTORY] QC 시작 (at run.py)
(2024-04-11 11:27:03,889) [INFO] [ZBZ_TX_HISTORY] QC 완료 (at run.py)
(2024-04-11 11:27:03,889) [INFO] [CAB_RIDES] QC 시작 (at run.py)
(2024-04-11 11:27:09,432) [INFO] [CAB_RIDES] QC 완료 (at run.py)
(2024-04-11 11:27:09,433) [INFO] [CNT_TX_HISTORY] QC 시작 (at run.py)
(2024-04-11 11:27:09,463) [INFO] [CNT_TX_HISTORY] QC 완료 (at run.py)
(2024-04-11 11:27:09,463) [INFO] [ZTC_TX_HISTORY] QC 시작 (at run.py)
(2024-04-11 11:27:09,995) [INFO] [ZTC_TX_HISTORY] QC 완료 (at run.py)
(2024-04-11 11:27:09,996) [INFO] [32m[Step 5] 항목별 데이터 QC 완료[0m (at run.py)
(2024-04-11 11:27:09,996) [INFO] ================================================== (at run.py)
(2024-04-11 11:27:09,996) [INFO] [32m[Step 6] 데이터 QC 결과 저장 작업 시작[0m (at run.py)
(2024-04-11 11:27:10,003) [INFO] 테이블 리스트 시트 생성 완료 (at run.py)
(2024-04-11 11:27:10,048) [INFO] 5 / 5 번째 엑셀 시트 생성 완료 (at run.py)
(2024-04-11 11:27:10,100) [INFO] 테이블 리스트 시트 서식 편집 완료 (at run.py)
(2024-04-11 11:27:10,248) [INFO] 5 / 5 번째 엑셀 시트 서식 편집 완료 (at run.py)
(2024-04-11 11:27:10,270) [INFO] [32m[Step 6] 데이터 QC 결과 저장 작업 완료[0m (at run.py)
(2024-04-11 11:27:10,270) [INFO] [32m모든 QC 프로세스가 완료되었습니다.[0m (at run.py)
(2024-04-11 11:27:10,270) [INFO] 소요시간: 00:00:39 (at run.py)
(2024-04-11 11:27:10,270) [INFO] 산출물 파일 경로: [34m/Users/donghyun/Desktop/mata/01_work/2024/NexR_qc/output/QC결과서_20240411_112709.xlsx[0m (at run.py)
