(2024-03-07 17:46:25,590) [INFO] ================================================== (at run.py)
(2024-03-07 17:46:25,591) [INFO] [32m[Step 1] ë°ì´í„° íŒŒì¼ ì¡´ì¬ ì—¬ë¶€ í™•ì¸ ì‹œì‘[0m (at run.py)
(2024-03-07 17:46:25,591) [INFO] ì´ 1 ê°œì˜ ë°ì´í„° íŒŒì¼ì´ ì¡´ì¬í•©ë‹ˆë‹¤. (at run.py)
(2024-03-07 17:46:26,715) [INFO] [32m[Step 1] ë°ì´í„° íŒŒì¼ ì¡´ì¬ ì—¬ë¶€ í™•ì¸ ì™„ë£Œ[0m (at run.py)
(2024-03-07 17:46:26,717) [INFO] ================================================== (at run.py)
(2024-03-07 17:46:26,717) [INFO] [32m[Step 2] ì •ì˜ì„œ íŒŒì¼ ì¡´ì¬ ì—¬ë¶€ í™•ì¸ ì‹œì‘[0m (at run.py)
(2024-03-07 17:46:26,775) [INFO] [í…Œì´ë¸”ì •ì˜ì„œ] ì°¸ê³ í•  ë¬¸ì„œ íŒŒì¼ ê²½ë¡œ: /Users/donghyun/Desktop/mata/01_work/2024/NexR_qc/documents/í…Œì´ë¸”ì •ì˜ì„œ.xlsx (at run.py)
(2024-03-07 17:46:26,813) [INFO] [ì»¬ëŸ¼ì •ì˜ì„œ] ì°¸ê³ í•  ë¬¸ì„œ íŒŒì¼ ê²½ë¡œ: /Users/donghyun/Desktop/mata/01_work/2024/NexR_qc/documents/ì»¬ëŸ¼ì •ì˜ì„œ.xlsx (at run.py)
(2024-03-07 17:46:26,821) [INFO] [ì½”ë“œì •ì˜ì„œ] ì°¸ê³ í•  ë¬¸ì„œ íŒŒì¼ ê²½ë¡œ: /Users/donghyun/Desktop/mata/01_work/2024/NexR_qc/documents/ì½”ë“œì •ì˜ì„œ.xlsx (at run.py)
(2024-03-07 17:46:26,821) [INFO] [32m[Step 2] ì •ì˜ì„œ íŒŒì¼ ì¡´ì¬ ì—¬ë¶€ë¥¼ í™•ì¸ ì™„ë£Œ[0m (at run.py)
(2024-03-07 17:46:26,821) [INFO] ================================================== (at run.py)
(2024-03-07 17:46:26,821) [INFO] [32m[Step 3] ì‚¬ì „ì— ë“±ë¡ëœ ê²°ì¸¡ê°’ í™•ì¸ ì‹œì‘[0m (at run.py)
(2024-03-07 17:46:26,821) [INFO] í˜„ì¬ ê²°ì¸¡ê°’ìœ¼ë¡œ ë“±ë¡ëœ ê°’ì€ ë‹¤ìŒê³¼ ê°™ìŠµë‹ˆë‹¤. (at run.py)
(2024-03-07 17:46:26,821) [INFO] ['?', 'na', 'null', 'Null', 'NULL', ' ', '[NULL]', 'nan', 'np.nan'] (at run.py)
(2024-03-07 17:46:26,821) [INFO] ê²°ì¸¡ê°’ ì¶”ê°€ ë“±ë¡ì„ ì›í•˜ì‹œë©´ config.json íŒŒì¼ ë‚´ naList ê°’ì— ì¶”ê°€ ì‹œ ë°˜ì˜ë©ë‹ˆë‹¤. (at run.py)
(2024-03-07 17:46:26,821) [INFO] [32m[Step 3] ì‚¬ì „ì— ë“±ë¡ëœ ê²°ì¸¡ê°’ í™•ì¸ ì™„ë£Œ[0m (at run.py)
(2024-03-07 17:46:26,821) [INFO] ================================================== (at run.py)
(2024-03-07 17:46:26,821) [INFO] [32m[Step 4] QC ì‚¬ì „ ì •ë³´ í™•ì¸ ì‹œì‘[0m (at run.py)
(2024-03-07 17:46:26,821) [INFO] ------------------------------ (at run.py)
(2024-03-07 17:46:26,821) [INFO] [Step 4-1] ë°ì´í„° ìì²´ ì •ë³´ í™•ì¸ ì‹œì‘ (at run.py)
(2024-03-07 17:46:26,821) [INFO] 1 ë²ˆì§¸ ë°ì´í„°ëª…: GPSDATA_2307_1000 (at run.py)
(2024-03-07 17:46:26,821) [INFO] [Step 4-1] ë°ì´í„° ìì²´ ì •ë³´ í™•ì¸ ì™„ë£Œ (at run.py)
(2024-03-07 17:46:26,821) [INFO] ------------------------------ (at run.py)
(2024-03-07 17:46:26,821) [INFO] [Step 4-2] ì •ì˜ì„œ ë¬¸ì„œ ì •ë³´ í™•ì¸ ì‹œì‘ (at run.py)
(2024-03-07 17:46:26,821) [INFO] í…Œì´ë¸” ì •ì˜ì„œ ë‚´ GPSDATA_2307_1000 ì •ë³´ í™•ì¸ ì‹œì‘ (at run.py)
(2024-03-07 17:46:26,822) [INFO] í…Œì´ë¸” ì •ì˜ì„œì— GPSDATA_2307_1000 í…Œì´ë¸” ì •ë³´ê°€ ì¡´ì¬í•©ë‹ˆë‹¤. (at run.py)
(2024-03-07 17:46:26,823) [INFO] í…Œì´ë¸” ì •ì˜ì„œ ë‚´ GPSDATA_2307_1000 ì •ë³´ í™•ì¸ ì™„ë£Œ (at run.py)
(2024-03-07 17:46:26,824) [INFO] ì½”ë“œ ì •ì˜ì„œ ë‚´ GPSDATA_2307_1000 ì •ë³´ í™•ì¸ ì‹œì‘ (at run.py)
(2024-03-07 17:46:26,824) [INFO] ì½”ë“œ ì •ì˜ì„œ ë‚´ GPSDATA_2307_1000 ì •ë³´ í™•ì¸ ì™„ë£Œ (at run.py)
(2024-03-07 17:46:26,824) [INFO] ì»¬ëŸ¼ ì •ì˜ì„œ ë‚´ GPSDATA_2307_1000 ì •ë³´ í™•ì¸ ì‹œì‘ (at run.py)
(2024-03-07 17:46:26,824) [INFO] ì»¬ëŸ¼ ì •ì˜ì„œì— GPSDATA_2307_1000 í…Œì´ë¸”ì˜ ì»¬ëŸ¼ ì •ë³´ê°€ ì¡´ì¬í•©ë‹ˆë‹¤. (at run.py)
(2024-03-07 17:46:26,824) [INFO] ì»¬ëŸ¼ ì •ì˜ì„œì— GPSDATA_2307_1000 í…Œì´ë¸”ì˜ Unnamed: 0 ì»¬ëŸ¼ ì •ë³´ê°€ ì¡´ì¬í•˜ì§€ ì•ŠìŠµë‹ˆë‹¤. (at run.py)
(2024-03-07 17:46:26,824) [INFO] ì»¬ëŸ¼ ì •ì˜ì„œì— GPSDATA_2307_1000 í…Œì´ë¸”ì˜ ìì „ê±°ë²ˆí˜¸ ì»¬ëŸ¼ ì •ë³´ê°€ ì¡´ì¬í•©ë‹ˆë‹¤. (at run.py)
(2024-03-07 17:46:26,825) [INFO] ì»¬ëŸ¼ ì •ì˜ì„œì— GPSDATA_2307_1000 í…Œì´ë¸”ì˜ ëŒ€ì—¬ì¼ì‹œ ì»¬ëŸ¼ ì •ë³´ê°€ ì¡´ì¬í•©ë‹ˆë‹¤. (at run.py)
(2024-03-07 17:46:26,825) [INFO] ì»¬ëŸ¼ ì •ì˜ì„œì— GPSDATA_2307_1000 í…Œì´ë¸”ì˜ ëŒ€ì—¬ëŒ€ì—¬ì†Œëª… ì»¬ëŸ¼ ì •ë³´ê°€ ì¡´ì¬í•©ë‹ˆë‹¤. (at run.py)
(2024-03-07 17:46:26,825) [INFO] ì»¬ëŸ¼ ì •ì˜ì„œì— GPSDATA_2307_1000 í…Œì´ë¸”ì˜ ë°˜ë‚©ì¼ì‹œ ì»¬ëŸ¼ ì •ë³´ê°€ ì¡´ì¬í•©ë‹ˆë‹¤. (at run.py)
(2024-03-07 17:46:26,826) [INFO] ì»¬ëŸ¼ ì •ì˜ì„œì— GPSDATA_2307_1000 í…Œì´ë¸”ì˜ ë°˜ë‚©ëŒ€ì—¬ì†Œëª… ì»¬ëŸ¼ ì •ë³´ê°€ ì¡´ì¬í•©ë‹ˆë‹¤. (at run.py)
(2024-03-07 17:46:26,826) [INFO] ì»¬ëŸ¼ ì •ì˜ì„œì— GPSDATA_2307_1000 í…Œì´ë¸”ì˜ ì´ë™ìˆœì„œ ì»¬ëŸ¼ ì •ë³´ê°€ ì¡´ì¬í•©ë‹ˆë‹¤. (at run.py)
(2024-03-07 17:46:26,826) [INFO] ì»¬ëŸ¼ ì •ì˜ì„œì— GPSDATA_2307_1000 í…Œì´ë¸”ì˜ ìœ„ë„ ì»¬ëŸ¼ ì •ë³´ê°€ ì¡´ì¬í•©ë‹ˆë‹¤. (at run.py)
(2024-03-07 17:46:26,827) [INFO] ì»¬ëŸ¼ ì •ì˜ì„œì— GPSDATA_2307_1000 í…Œì´ë¸”ì˜ ê²½ë„ ì»¬ëŸ¼ ì •ë³´ê°€ ì¡´ì¬í•©ë‹ˆë‹¤. (at run.py)
(2024-03-07 17:46:26,827) [INFO] ì»¬ëŸ¼ ì •ì˜ì„œì— GPSDATA_2307_1000 í…Œì´ë¸”ì˜ ì„±ë³„ ì»¬ëŸ¼ ì •ë³´ê°€ ì¡´ì¬í•©ë‹ˆë‹¤. (at run.py)
(2024-03-07 17:46:26,827) [INFO] ì»¬ëŸ¼ ì •ì˜ì„œì— GPSDATA_2307_1000 í…Œì´ë¸”ì˜ ë‚˜ì´ ì»¬ëŸ¼ ì •ë³´ê°€ ì¡´ì¬í•©ë‹ˆë‹¤. (at run.py)
(2024-03-07 17:46:26,828) [INFO] [Step 4-2] ì •ì˜ì„œ ë¬¸ì„œ ì •ë³´ í™•ì¸ ì™„ë£Œ (at run.py)
(2024-03-07 17:46:26,828) [INFO] [32m[Step 4] QC ì‚¬ì „ ì •ë³´ í™•ì¸ ì™„ë£Œ[0m (at run.py)
(2024-03-07 17:46:26,828) [INFO] ================================================== (at run.py)
(2024-03-07 17:46:26,828) [INFO] [32m[Step 5] í•­ëª©ë³„ ë°ì´í„° QC ì‹œì‘[0m (at run.py)
(2024-03-07 17:46:26,828) [INFO] [GPSDATA_2307_1000] QC ì‹œì‘ (at run.py)
(2024-03-07 17:46:26,840) [ERROR] [31;20mGPSDATA_2307_1000 í…Œì´ë¸”ì˜ ì„±ë³„ ì»¬ëŸ¼ ì—ëŸ¬[0m (at run.py)
(2024-03-07 17:46:26,849) [ERROR] [31;20mTraceback (most recent call last):
  File "/Users/donghyun/Desktop/mata/01_work/2024/NexR_qc/NexR_qc/QualityCheck.py", line 329, in run
    self.InfoDict[data_name]["Result"][idx]["ì—°ì†í˜•"]["ìµœì†Ÿê°’"] = str(data[col].min())  # ìµœì†Ÿê°’
  File "/Users/donghyun/Desktop/mata/01_work/2024/NexR_qc/venv/lib/python3.9/site-packages/pandas/core/series.py", line 6487, in min
    return NDFrame.min(self, axis, skipna, numeric_only, **kwargs)
  File "/Users/donghyun/Desktop/mata/01_work/2024/NexR_qc/venv/lib/python3.9/site-packages/pandas/core/generic.py", line 12381, in min
    return self._stat_function(
  File "/Users/donghyun/Desktop/mata/01_work/2024/NexR_qc/venv/lib/python3.9/site-packages/pandas/core/generic.py", line 12370, in _stat_function
    return self._reduce(
  File "/Users/donghyun/Desktop/mata/01_work/2024/NexR_qc/venv/lib/python3.9/site-packages/pandas/core/series.py", line 6437, in _reduce
    return op(delegate, skipna=skipna, **kwds)
  File "/Users/donghyun/Desktop/mata/01_work/2024/NexR_qc/venv/lib/python3.9/site-packages/pandas/core/nanops.py", line 147, in f
    result = alt(values, axis=axis, skipna=skipna, **kwds)
  File "/Users/donghyun/Desktop/mata/01_work/2024/NexR_qc/venv/lib/python3.9/site-packages/pandas/core/nanops.py", line 404, in new_func
    result = func(values, axis=axis, skipna=skipna, mask=mask, **kwargs)
  File "/Users/donghyun/Desktop/mata/01_work/2024/NexR_qc/venv/lib/python3.9/site-packages/pandas/core/nanops.py", line 1098, in reduction
    result = getattr(values, meth)(axis)
  File "/Users/donghyun/Desktop/mata/01_work/2024/NexR_qc/venv/lib/python3.9/site-packages/numpy/core/_methods.py", line 45, in _amin
    return umr_minimum(a, axis, None, out, keepdims, initial, where)
TypeError: '<=' not supported between instances of 'float' and 'str'
[0m (at run.py)
(2024-03-07 17:46:26,849) [INFO] [GPSDATA_2307_1000] QC ì™„ë£Œ (at run.py)
(2024-03-07 17:46:26,850) [INFO] [32m[Step 5] í•­ëª©ë³„ ë°ì´í„° QC ì™„ë£Œ[0m (at run.py)
(2024-03-07 17:46:26,850) [INFO] ================================================== (at run.py)
(2024-03-07 17:46:26,850) [INFO] [32m[Step 6] ë°ì´í„° QC ê²°ê³¼ ì €ì¥ ì‘ì—… ì‹œì‘[0m (at run.py)
(2024-03-07 17:46:26,853) [INFO] í…Œì´ë¸” ë¦¬ìŠ¤íŠ¸ ì‹œíŠ¸ ìƒì„± ì™„ë£Œ (at run.py)
(2024-03-07 17:46:26,862) [INFO] [1 / 1] ë²ˆì§¸ ì—‘ì…€ ì‹œíŠ¸ ìƒì„± ì™„ë£Œ (at run.py)
(2024-03-07 17:46:26,877) [INFO] í…Œì´ë¸” ë¦¬ìŠ¤íŠ¸ ì‹œíŠ¸ ì„œì‹ í¸ì§‘ ì™„ë£Œ (at run.py)
(2024-03-07 17:46:26,901) [INFO] [1 / 1] ë²ˆì§¸ ì—‘ì…€ ì‹œíŠ¸ ìƒì„± ì™„ë£Œ (at run.py)
(2024-03-07 17:46:26,908) [INFO] [32m[Step 6] ë°ì´í„° QC ê²°ê³¼ ì €ì¥ ì‘ì—… ì™„ë£Œ[0m (at run.py)
(2024-03-07 17:46:26,908) [INFO] [32mëª¨ë“  QC í”„ë¡œì„¸ìŠ¤ê°€ ì™„ë£Œë˜ì—ˆìŠµë‹ˆë‹¤.[0m (at run.py)
(2024-03-07 17:46:26,908) [INFO] ì†Œìš”ì‹œê°„: 00:00:01 (at run.py)
(2024-03-07 17:46:26,908) [INFO] ì‚°ì¶œë¬¼ íŒŒì¼ ê²½ë¡œ: [34m/Users/donghyun/Desktop/mata/01_work/2024/NexR_qc/output/QCê²°ê³¼ì„œ_20240307_174626.xlsx[0m (at run.py)
