(2024-03-06 22:18:53,199) [INFO] ================================================== (at run.py)
(2024-03-06 22:18:53,199) [INFO] [32m[Step 1] 데이터 파일 존재 여부 확인 시작[0m (at run.py)
(2024-03-06 22:18:53,199) [INFO] 총 5 개의 데이터 파일이 존재합니다. (at run.py)
(2024-03-06 22:18:55,558) [INFO] [32m[Step 1] 데이터 파일 존재 여부 확인 완료[0m (at run.py)
(2024-03-06 22:18:55,558) [INFO] ================================================== (at run.py)
(2024-03-06 22:18:55,558) [INFO] [32m[Step 2] 정의서 파일 존재 여부 확인 시작[0m (at run.py)
(2024-03-06 22:18:55,558) [INFO] [테이블정의서] 참고할 문서 파일이 없습니다. (at run.py)
(2024-03-06 22:18:55,558) [INFO] [컬럼정의서] 참고할 문서 파일이 없습니다. (at run.py)
(2024-03-06 22:18:55,558) [INFO] [코드정의서] 참고할 문서 파일이 없습니다. (at run.py)
(2024-03-06 22:18:55,558) [INFO] [32m[Step 2] 정의서 파일 존재 여부를 확인 완료[0m (at run.py)
(2024-03-06 22:18:55,558) [INFO] ================================================== (at run.py)
(2024-03-06 22:18:55,558) [INFO] [32m[Step 3] 사전에 등록된 결측값 확인 시작[0m (at run.py)
(2024-03-06 22:18:55,558) [INFO] 현재 결측값으로 등록된 값은 다음과 같습니다. (at run.py)
(2024-03-06 22:18:55,558) [INFO] ['?', 'na', 'null', 'Null', 'NULL', ' ', '[NULL]', 'np.nan', 'nan'] (at run.py)
(2024-03-06 22:18:55,558) [INFO] 결측값 추가 등록을 원하시면 config.json 파일 내 naList 값에 추가 시 반영됩니다. (at run.py)
(2024-03-06 22:18:55,558) [INFO] [32m[Step 3] 사전에 등록된 결측값 확인 완료[0m (at run.py)
(2024-03-06 22:18:55,559) [INFO] ================================================== (at run.py)
(2024-03-06 22:18:55,559) [INFO] [32m[Step 4] QC 사전 정보 확인 시작[0m (at run.py)
(2024-03-06 22:18:55,559) [INFO] ------------------------------ (at run.py)
(2024-03-06 22:18:55,559) [INFO] [Step 4-1] 데이터 자체 정보 확인 시작 (at run.py)
(2024-03-06 22:18:55,559) [INFO] 1 번째 데이터명: 원자재_종가_데이터 (at run.py)
(2024-03-06 22:18:55,559) [INFO] 2 번째 데이터명: ZBZ_TX_HISTORY (at run.py)
(2024-03-06 22:18:55,559) [INFO] 3 번째 데이터명: CAB_RIDES (at run.py)
(2024-03-06 22:18:55,559) [INFO] 4 번째 데이터명: CNT_TX_HISTORY (at run.py)
(2024-03-06 22:18:55,559) [INFO] 5 번째 데이터명: ZTC_TX_HISTORY (at run.py)
(2024-03-06 22:18:55,559) [INFO] [Step 4-1] 데이터 자체 정보 확인 완료 (at run.py)
(2024-03-06 22:18:55,559) [INFO] ------------------------------ (at run.py)
(2024-03-06 22:18:55,559) [INFO] [Step 4-2] 정의서 문서 정보 확인 시작 (at run.py)
(2024-03-06 22:18:55,559) [INFO] 테이블 정의서 내 원자재_종가_데이터 정보 확인 시작 (at run.py)
(2024-03-06 22:18:55,559) [INFO] 테이블 정의서 문서가 존재하지 않습니다. (at run.py)
(2024-03-06 22:18:55,560) [INFO] 테이블 정의서 내 원자재_종가_데이터 정보 확인 완료 (at run.py)
(2024-03-06 22:18:55,560) [INFO] 코드 정의서 내 원자재_종가_데이터 정보 확인 시작 (at run.py)
(2024-03-06 22:18:55,560) [INFO] 코드 정의서 내 원자재_종가_데이터 정보 확인 완료 (at run.py)
(2024-03-06 22:18:55,560) [INFO] 컬럼 정의서 내 원자재_종가_데이터 정보 확인 시작 (at run.py)
(2024-03-06 22:18:55,560) [INFO] 컬럼 정의서 문서가 존재하지 않습니다. (at run.py)
(2024-03-06 22:18:55,560) [INFO] 테이블 정의서 내 ZBZ_TX_HISTORY 정보 확인 시작 (at run.py)
(2024-03-06 22:18:55,560) [INFO] 테이블 정의서 문서가 존재하지 않습니다. (at run.py)
(2024-03-06 22:18:55,561) [INFO] 테이블 정의서 내 ZBZ_TX_HISTORY 정보 확인 완료 (at run.py)
(2024-03-06 22:18:55,561) [INFO] 코드 정의서 내 ZBZ_TX_HISTORY 정보 확인 시작 (at run.py)
(2024-03-06 22:18:55,561) [INFO] 코드 정의서 내 ZBZ_TX_HISTORY 정보 확인 완료 (at run.py)
(2024-03-06 22:18:55,561) [INFO] 컬럼 정의서 내 ZBZ_TX_HISTORY 정보 확인 시작 (at run.py)
(2024-03-06 22:18:55,561) [INFO] 컬럼 정의서 문서가 존재하지 않습니다. (at run.py)
(2024-03-06 22:18:55,561) [INFO] 테이블 정의서 내 CAB_RIDES 정보 확인 시작 (at run.py)
(2024-03-06 22:18:55,561) [INFO] 테이블 정의서 문서가 존재하지 않습니다. (at run.py)
(2024-03-06 22:18:55,561) [INFO] 테이블 정의서 내 CAB_RIDES 정보 확인 완료 (at run.py)
(2024-03-06 22:18:55,561) [INFO] 코드 정의서 내 CAB_RIDES 정보 확인 시작 (at run.py)
(2024-03-06 22:18:55,561) [INFO] 코드 정의서 내 CAB_RIDES 정보 확인 완료 (at run.py)
(2024-03-06 22:18:55,561) [INFO] 컬럼 정의서 내 CAB_RIDES 정보 확인 시작 (at run.py)
(2024-03-06 22:18:55,561) [INFO] 컬럼 정의서 문서가 존재하지 않습니다. (at run.py)
(2024-03-06 22:18:55,561) [INFO] 테이블 정의서 내 CNT_TX_HISTORY 정보 확인 시작 (at run.py)
(2024-03-06 22:18:55,561) [INFO] 테이블 정의서 문서가 존재하지 않습니다. (at run.py)
(2024-03-06 22:18:55,562) [INFO] 테이블 정의서 내 CNT_TX_HISTORY 정보 확인 완료 (at run.py)
(2024-03-06 22:18:55,562) [INFO] 코드 정의서 내 CNT_TX_HISTORY 정보 확인 시작 (at run.py)
(2024-03-06 22:18:55,562) [INFO] 코드 정의서 내 CNT_TX_HISTORY 정보 확인 완료 (at run.py)
(2024-03-06 22:18:55,562) [INFO] 컬럼 정의서 내 CNT_TX_HISTORY 정보 확인 시작 (at run.py)
(2024-03-06 22:18:55,562) [INFO] 컬럼 정의서 문서가 존재하지 않습니다. (at run.py)
(2024-03-06 22:18:55,562) [INFO] 테이블 정의서 내 ZTC_TX_HISTORY 정보 확인 시작 (at run.py)
(2024-03-06 22:18:55,562) [INFO] 테이블 정의서 문서가 존재하지 않습니다. (at run.py)
(2024-03-06 22:18:55,562) [INFO] 테이블 정의서 내 ZTC_TX_HISTORY 정보 확인 완료 (at run.py)
(2024-03-06 22:18:55,562) [INFO] 코드 정의서 내 ZTC_TX_HISTORY 정보 확인 시작 (at run.py)
(2024-03-06 22:18:55,562) [INFO] 코드 정의서 내 ZTC_TX_HISTORY 정보 확인 완료 (at run.py)
(2024-03-06 22:18:55,562) [INFO] 컬럼 정의서 내 ZTC_TX_HISTORY 정보 확인 시작 (at run.py)
(2024-03-06 22:18:55,562) [INFO] 컬럼 정의서 문서가 존재하지 않습니다. (at run.py)
(2024-03-06 22:18:55,563) [INFO] [Step 4-2] 정의서 문서 정보 확인 완료 (at run.py)
(2024-03-06 22:18:55,563) [INFO] [32m[Step 4] QC 사전 정보 확인 완료[0m (at run.py)
(2024-03-06 22:18:55,563) [INFO] ================================================== (at run.py)
(2024-03-06 22:18:55,563) [INFO] [32m[Step 5] 항목별 데이터 QC 시작[0m (at run.py)
(2024-03-06 22:18:55,563) [INFO] [원자재_종가_데이터] QC 시작 (at run.py)
(2024-03-06 22:18:55,599) [INFO] [원자재_종가_데이터] QC 완료 (at run.py)
(2024-03-06 22:18:55,599) [INFO] [ZBZ_TX_HISTORY] QC 시작 (at run.py)
(2024-03-06 22:18:55,611) [INFO] [ZBZ_TX_HISTORY] QC 완료 (at run.py)
(2024-03-06 22:18:55,611) [INFO] [CAB_RIDES] QC 시작 (at run.py)
(2024-03-06 22:19:00,893) [INFO] [CAB_RIDES] QC 완료 (at run.py)
(2024-03-06 22:19:00,893) [INFO] [CNT_TX_HISTORY] QC 시작 (at run.py)
(2024-03-06 22:19:00,919) [INFO] [CNT_TX_HISTORY] QC 완료 (at run.py)
(2024-03-06 22:19:00,919) [INFO] [ZTC_TX_HISTORY] QC 시작 (at run.py)
(2024-03-06 22:19:01,416) [INFO] [ZTC_TX_HISTORY] QC 완료 (at run.py)
(2024-03-06 22:19:01,416) [INFO] [32m[Step 5] 항목별 데이터 QC 완료[0m (at run.py)
(2024-03-06 22:19:01,416) [INFO] ================================================== (at run.py)
(2024-03-06 22:19:01,416) [INFO] [32m[Step 6] 데이터 QC 결과 저장 작업 시작[0m (at run.py)
(2024-03-06 22:19:01,423) [INFO] 테이블 리스트 시트 생성 완료 (at run.py)
(2024-03-06 22:19:01,468) [INFO] [5 / 5] 번째 엑셀 시트 생성 완료 (at run.py)
(2024-03-06 22:19:01,519) [INFO] 테이블 리스트 시트 서식 편집 완료 (at run.py)
(2024-03-06 22:19:01,662) [INFO] [5 / 5] 번째 엑셀 시트 생성 완료 (at run.py)
(2024-03-06 22:19:01,683) [INFO] [32m[Step 6] 데이터 QC 결과 저장 작업 완료[0m (at run.py)
(2024-03-06 22:19:01,683) [INFO] [32m모든 QC 프로세스가 완료되었습니다.[0m (at run.py)
(2024-03-06 22:19:01,683) [INFO] 소요시간: 00:00:08 (at run.py)
(2024-03-06 22:19:01,683) [INFO] 산출물 파일 경로: [34m/Users/donghyun/Desktop/mata/01_work/2024/NexR_qc/output/QC결과서_20240306_221901.xlsx[0m (at run.py)
