(2024-03-05 23:11:29,398) [INFO] ================================================== (at run.py)
(2024-03-05 23:11:29,398) [INFO] [32m[Step 1] 데이터 파일 존재 여부 확인 시작[0m (at run.py)
(2024-03-05 23:11:29,398) [INFO] 총 5 개의 데이터 파일이 존재합니다. (at run.py)
(2024-03-05 23:11:32,878) [INFO] 컬럼 중 날짜 혹은 시간 관련 컬럼 존재 여부를 알려주세요. (컬럼 정의서에 명시가 되어있는 경우나 날짜 혹은 시간 관련 컬럼이 없는 경우는 Enter로 넘어가셔도 됩니다.)
현재 원자재_종가_데이터 데이터의 컬럼은 다음과 같습니다.
['Date', '미국 대두유 선물', '니켈 선물', '런던 가스 오일 선물', '가솔린 RBOB 선물', '미국 코코아 선물', '미국 소맥 선물', '현미 선물', '생우 선물', '미국 원면 No.2 선물', '미국 커피 C 선물', '아연 선물', 'WTI유 선물', '원목', '미국 옥수수 선물', '오렌지 주스 선물', '천연가스 선물', '런던 커피 선물', '브렌트유 선물', '구리 선물', '백금 선물', '은 선물', '육우 선물', '알루미늄', '미국 대두 선물', '팔라듐 선물', '귀리 선물', '금 선물', '미국 설탕 No.11 선물', '미국 대두박 선물', '난방유 선물', '돈육 선물']

 (at run.py)
(2024-03-05 23:11:48,597) [INFO] [33;20m[원자재_종가_데이터] 날짜 혹은 시간 관련 컬럼:[0m: ['Date', '니켈 선물', '금 선물'] (at run.py)
(2024-03-05 23:11:48,603) [INFO] 컬럼 중 날짜 혹은 시간 관련 컬럼 존재 여부를 알려주세요. (컬럼 정의서에 명시가 되어있는 경우나 날짜 혹은 시간 관련 컬럼이 없는 경우는 Enter로 넘어가셔도 됩니다.)
현재 ZBZ_TX_HISTORY 데이터의 컬럼은 다음과 같습니다.
['TX HASH', 'BLOCK #', 'TIME(KST)', 'FROM', 'TO', 'AMOUNT', 'TOKEN ADDRESS', 'TOKEN NAME', 'TOKEN SYMBOL']

 (at run.py)
(2024-03-05 23:11:57,420) [INFO] [33;20m[ZBZ_TX_HISTORY] 날짜 혹은 시간 관련 컬럼:[0m: ['BLOCK #', 'TIME(KST)'] (at run.py)
(2024-03-05 23:11:58,239) [INFO] 컬럼 중 날짜 혹은 시간 관련 컬럼 존재 여부를 알려주세요. (컬럼 정의서에 명시가 되어있는 경우나 날짜 혹은 시간 관련 컬럼이 없는 경우는 Enter로 넘어가셔도 됩니다.)
현재 CAB_RIDES 데이터의 컬럼은 다음과 같습니다.
['distance', 'cab_type', 'time_stamp', 'destination', 'source', 'price', 'surge_multiplier', 'id', 'product_id', 'name']

 (at run.py)
(2024-03-05 23:11:59,117) [INFO] [33;20m[CAB_RIDES] 날짜 혹은 시간 관련 컬럼:[0m: [] (at run.py)
(2024-03-05 23:11:59,147) [INFO] 컬럼 중 날짜 혹은 시간 관련 컬럼 존재 여부를 알려주세요. (컬럼 정의서에 명시가 되어있는 경우나 날짜 혹은 시간 관련 컬럼이 없는 경우는 Enter로 넘어가셔도 됩니다.)
현재 CNT_TX_HISTORY 데이터의 컬럼은 다음과 같습니다.
['TX HASH', 'BLOCK #', 'TIME(KST)', 'FROM', 'TO', 'AMOUNT', 'TOKEN ADDRESS', 'TOKEN NAME', 'TOKEN SYMBOL']

 (at run.py)
(2024-03-05 23:12:25,783) [INFO] [33;20m[CNT_TX_HISTORY] 날짜 혹은 시간 관련 컬럼:[0m: ['TIME(KST)'] (at run.py)
(2024-03-05 23:12:25,908) [INFO] 컬럼 중 날짜 혹은 시간 관련 컬럼 존재 여부를 알려주세요. (컬럼 정의서에 명시가 되어있는 경우나 날짜 혹은 시간 관련 컬럼이 없는 경우는 Enter로 넘어가셔도 됩니다.)
현재 ZTC_TX_HISTORY 데이터의 컬럼은 다음과 같습니다.
['TX HASH', 'BLOCK #', 'TIME(KST)', 'FROM', 'TO', 'AMOUNT', 'TOKEN ADDRESS', 'TOKEN NAME', 'TOKEN SYMBOL']

 (at run.py)
