(2024-03-06 23:12:05,934) [INFO] ================================================== (at run.py)
(2024-03-06 23:12:05,934) [INFO] [32m[Step 1] 데이터 파일 존재 여부 확인 시작[0m (at run.py)
(2024-03-06 23:12:05,934) [INFO] 총 3 개의 데이터 파일이 존재합니다. (at run.py)
(2024-03-06 23:12:18,924) [INFO] [32m[Step 1] 데이터 파일 존재 여부 확인 완료[0m (at run.py)
(2024-03-06 23:12:18,924) [INFO] ================================================== (at run.py)
(2024-03-06 23:12:18,924) [INFO] [32m[Step 2] 정의서 파일 존재 여부 확인 시작[0m (at run.py)
(2024-03-06 23:12:18,956) [INFO] [테이블정의서] 참고할 문서 파일 경로: /Users/donghyun/Desktop/mata/01_work/2024/NexR_qc/documents/테이블정의서.xlsx (at run.py)
(2024-03-06 23:12:18,988) [INFO] [컬럼정의서] 참고할 문서 파일 경로: /Users/donghyun/Desktop/mata/01_work/2024/NexR_qc/documents/컬럼정의서.xlsx (at run.py)
(2024-03-06 23:12:18,996) [INFO] [코드정의서] 참고할 문서 파일 경로: /Users/donghyun/Desktop/mata/01_work/2024/NexR_qc/documents/코드정의서.xlsx (at run.py)
(2024-03-06 23:12:18,996) [INFO] [32m[Step 2] 정의서 파일 존재 여부를 확인 완료[0m (at run.py)
(2024-03-06 23:12:18,996) [INFO] ================================================== (at run.py)
(2024-03-06 23:12:18,996) [INFO] [32m[Step 3] 사전에 등록된 결측값 확인 시작[0m (at run.py)
(2024-03-06 23:12:18,996) [INFO] 현재 결측값으로 등록된 값은 다음과 같습니다. (at run.py)
(2024-03-06 23:12:18,996) [INFO] ['?', 'na', 'null', 'Null', 'NULL', ' ', '[NULL]', 'nan', 'np.nan'] (at run.py)
(2024-03-06 23:12:18,996) [INFO] 결측값 추가 등록을 원하시면 config.json 파일 내 naList 값에 추가 시 반영됩니다. (at run.py)
(2024-03-06 23:12:18,996) [INFO] [32m[Step 3] 사전에 등록된 결측값 확인 완료[0m (at run.py)
(2024-03-06 23:12:18,996) [INFO] ================================================== (at run.py)
(2024-03-06 23:12:18,996) [INFO] [32m[Step 4] QC 사전 정보 확인 시작[0m (at run.py)
(2024-03-06 23:12:18,996) [INFO] ------------------------------ (at run.py)
(2024-03-06 23:12:18,996) [INFO] [Step 4-1] 데이터 자체 정보 확인 시작 (at run.py)
(2024-03-06 23:12:18,996) [INFO] 1 번째 데이터명: GPSDATA_2307_1000 (at run.py)
(2024-03-06 23:12:18,996) [INFO] 2 번째 데이터명: GPSDATA_2307_1000M (at run.py)
(2024-03-06 23:12:18,996) [INFO] 3 번째 데이터명: GPSDATA_2307_2000 (at run.py)
(2024-03-06 23:12:18,996) [INFO] [Step 4-1] 데이터 자체 정보 확인 완료 (at run.py)
(2024-03-06 23:12:18,996) [INFO] ------------------------------ (at run.py)
(2024-03-06 23:12:18,996) [INFO] [Step 4-2] 정의서 문서 정보 확인 시작 (at run.py)
(2024-03-06 23:12:18,996) [INFO] 테이블 정의서 내 GPSDATA_2307_1000 정보 확인 시작 (at run.py)
(2024-03-06 23:12:18,996) [INFO] 테이블 정의서에 GPSDATA_2307_1000 테이블 정보가 존재합니다. (at run.py)
(2024-03-06 23:12:18,998) [INFO] 테이블 정의서 내 GPSDATA_2307_1000 정보 확인 완료 (at run.py)
(2024-03-06 23:12:18,998) [INFO] 코드 정의서 내 GPSDATA_2307_1000 정보 확인 시작 (at run.py)
(2024-03-06 23:12:18,998) [INFO] 코드 정의서 내 GPSDATA_2307_1000 정보 확인 완료 (at run.py)
(2024-03-06 23:12:18,998) [INFO] 컬럼 정의서 내 GPSDATA_2307_1000 정보 확인 시작 (at run.py)
(2024-03-06 23:12:18,999) [INFO] 컬럼 정의서에 GPSDATA_2307_1000 테이블의 컬럼 정보가 존재합니다. (at run.py)
(2024-03-06 23:12:18,999) [INFO] 컬럼 정의서에 GPSDATA_2307_1000 테이블의 Unnamed: 0 컬럼 정보가 존재하지 않습니다. (at run.py)
(2024-03-06 23:12:18,999) [INFO] 컬럼 정의서에 GPSDATA_2307_1000 테이블의 자전거번호 컬럼 정보가 존재합니다. (at run.py)
(2024-03-06 23:12:18,999) [INFO] 컬럼 정의서에 GPSDATA_2307_1000 테이블의 대여일시 컬럼 정보가 존재합니다. (at run.py)
(2024-03-06 23:12:19,000) [INFO] 컬럼 정의서에 GPSDATA_2307_1000 테이블의 대여대여소명 컬럼 정보가 존재합니다. (at run.py)
(2024-03-06 23:12:19,000) [INFO] 컬럼 정의서에 GPSDATA_2307_1000 테이블의 반납일시 컬럼 정보가 존재합니다. (at run.py)
(2024-03-06 23:12:19,000) [INFO] 컬럼 정의서에 GPSDATA_2307_1000 테이블의 반납대여소명 컬럼 정보가 존재합니다. (at run.py)
(2024-03-06 23:12:19,001) [INFO] 컬럼 정의서에 GPSDATA_2307_1000 테이블의 이동순서 컬럼 정보가 존재합니다. (at run.py)
(2024-03-06 23:12:19,001) [INFO] 컬럼 정의서에 GPSDATA_2307_1000 테이블의 위도 컬럼 정보가 존재합니다. (at run.py)
(2024-03-06 23:12:19,001) [INFO] 컬럼 정의서에 GPSDATA_2307_1000 테이블의 경도 컬럼 정보가 존재합니다. (at run.py)
(2024-03-06 23:12:19,002) [INFO] 컬럼 정의서에 GPSDATA_2307_1000 테이블의 성별 컬럼 정보가 존재합니다. (at run.py)
(2024-03-06 23:12:19,002) [INFO] 컬럼 정의서에 GPSDATA_2307_1000 테이블의 나이 컬럼 정보가 존재합니다. (at run.py)
(2024-03-06 23:12:19,002) [INFO] 테이블 정의서 내 GPSDATA_2307_1000M 정보 확인 시작 (at run.py)
(2024-03-06 23:12:19,002) [INFO] 테이블 정의서에 GPSDATA_2307_1000M 테이블 정보가 존재합니다. (at run.py)
(2024-03-06 23:12:19,003) [INFO] 테이블 정의서 내 GPSDATA_2307_1000M 정보 확인 완료 (at run.py)
(2024-03-06 23:12:19,003) [INFO] 코드 정의서 내 GPSDATA_2307_1000M 정보 확인 시작 (at run.py)
(2024-03-06 23:12:19,003) [INFO] 코드 정의서 내 GPSDATA_2307_1000M 정보 확인 완료 (at run.py)
(2024-03-06 23:12:19,003) [INFO] 컬럼 정의서 내 GPSDATA_2307_1000M 정보 확인 시작 (at run.py)
(2024-03-06 23:12:19,003) [INFO] 컬럼 정의서에 GPSDATA_2307_1000M 테이블의 컬럼 정보가 존재합니다. (at run.py)
(2024-03-06 23:12:19,004) [INFO] 컬럼 정의서에 GPSDATA_2307_1000M 테이블의 Unnamed: 0 컬럼 정보가 존재하지 않습니다. (at run.py)
(2024-03-06 23:12:19,004) [INFO] 컬럼 정의서에 GPSDATA_2307_1000M 테이블의 자전거번호 컬럼 정보가 존재합니다. (at run.py)
(2024-03-06 23:12:19,004) [INFO] 컬럼 정의서에 GPSDATA_2307_1000M 테이블의 대여일시 컬럼 정보가 존재합니다. (at run.py)
(2024-03-06 23:12:19,004) [INFO] 컬럼 정의서에 GPSDATA_2307_1000M 테이블의 대여대여소명 컬럼 정보가 존재합니다. (at run.py)
(2024-03-06 23:12:19,005) [INFO] 컬럼 정의서에 GPSDATA_2307_1000M 테이블의 반납일시 컬럼 정보가 존재합니다. (at run.py)
(2024-03-06 23:12:19,005) [INFO] 컬럼 정의서에 GPSDATA_2307_1000M 테이블의 반납대여소명 컬럼 정보가 존재합니다. (at run.py)
(2024-03-06 23:12:19,005) [INFO] 컬럼 정의서에 GPSDATA_2307_1000M 테이블의 이동순서 컬럼 정보가 존재합니다. (at run.py)
(2024-03-06 23:12:19,006) [INFO] 컬럼 정의서에 GPSDATA_2307_1000M 테이블의 위도 컬럼 정보가 존재합니다. (at run.py)
(2024-03-06 23:12:19,006) [INFO] 컬럼 정의서에 GPSDATA_2307_1000M 테이블의 경도 컬럼 정보가 존재합니다. (at run.py)
(2024-03-06 23:12:19,006) [INFO] 컬럼 정의서에 GPSDATA_2307_1000M 테이블의 성별 컬럼 정보가 존재합니다. (at run.py)
(2024-03-06 23:12:19,007) [INFO] 컬럼 정의서에 GPSDATA_2307_1000M 테이블의 나이 컬럼 정보가 존재합니다. (at run.py)
(2024-03-06 23:12:19,007) [INFO] 테이블 정의서 내 GPSDATA_2307_2000 정보 확인 시작 (at run.py)
(2024-03-06 23:12:19,007) [INFO] 테이블 정의서에 GPSDATA_2307_2000 테이블 정보가 존재합니다. (at run.py)
(2024-03-06 23:12:19,008) [INFO] 테이블 정의서 내 GPSDATA_2307_2000 정보 확인 완료 (at run.py)
(2024-03-06 23:12:19,008) [INFO] 코드 정의서 내 GPSDATA_2307_2000 정보 확인 시작 (at run.py)
(2024-03-06 23:12:19,008) [INFO] 코드 정의서 내 GPSDATA_2307_2000 정보 확인 완료 (at run.py)
(2024-03-06 23:12:19,008) [INFO] 컬럼 정의서 내 GPSDATA_2307_2000 정보 확인 시작 (at run.py)
(2024-03-06 23:12:19,008) [INFO] 컬럼 정의서에 GPSDATA_2307_2000 테이블의 컬럼 정보가 존재합니다. (at run.py)
(2024-03-06 23:12:19,008) [INFO] 컬럼 정의서에 GPSDATA_2307_2000 테이블의 Unnamed: 0 컬럼 정보가 존재하지 않습니다. (at run.py)
(2024-03-06 23:12:19,008) [INFO] 컬럼 정의서에 GPSDATA_2307_2000 테이블의 자전거번호 컬럼 정보가 존재합니다. (at run.py)
(2024-03-06 23:12:19,009) [INFO] 컬럼 정의서에 GPSDATA_2307_2000 테이블의 대여일시 컬럼 정보가 존재합니다. (at run.py)
(2024-03-06 23:12:19,009) [INFO] 컬럼 정의서에 GPSDATA_2307_2000 테이블의 대여대여소명 컬럼 정보가 존재합니다. (at run.py)
(2024-03-06 23:12:19,009) [INFO] 컬럼 정의서에 GPSDATA_2307_2000 테이블의 반납일시 컬럼 정보가 존재합니다. (at run.py)
(2024-03-06 23:12:19,010) [INFO] 컬럼 정의서에 GPSDATA_2307_2000 테이블의 반납대여소명 컬럼 정보가 존재합니다. (at run.py)
(2024-03-06 23:12:19,010) [INFO] 컬럼 정의서에 GPSDATA_2307_2000 테이블의 이동순서 컬럼 정보가 존재합니다. (at run.py)
(2024-03-06 23:12:19,010) [INFO] 컬럼 정의서에 GPSDATA_2307_2000 테이블의 위도 컬럼 정보가 존재합니다. (at run.py)
(2024-03-06 23:12:19,010) [INFO] 컬럼 정의서에 GPSDATA_2307_2000 테이블의 경도 컬럼 정보가 존재합니다. (at run.py)
(2024-03-06 23:12:19,011) [INFO] 컬럼 정의서에 GPSDATA_2307_2000 테이블의 성별 컬럼 정보가 존재합니다. (at run.py)
(2024-03-06 23:12:19,011) [INFO] 컬럼 정의서에 GPSDATA_2307_2000 테이블의 나이 컬럼 정보가 존재합니다. (at run.py)
(2024-03-06 23:12:19,012) [INFO] [Step 4-2] 정의서 문서 정보 확인 완료 (at run.py)
(2024-03-06 23:12:19,012) [INFO] [32m[Step 4] QC 사전 정보 확인 완료[0m (at run.py)
(2024-03-06 23:12:19,012) [INFO] ================================================== (at run.py)
(2024-03-06 23:12:19,012) [INFO] [32m[Step 5] 항목별 데이터 QC 시작[0m (at run.py)
(2024-03-06 23:12:19,012) [INFO] [GPSDATA_2307_1000] QC 시작 (at run.py)
(2024-03-06 23:12:19,024) [INFO] [GPSDATA_2307_1000] QC 완료 (at run.py)
(2024-03-06 23:12:19,025) [INFO] [GPSDATA_2307_1000M] QC 시작 (at run.py)
(2024-03-06 23:12:49,469) [INFO] [GPSDATA_2307_1000M] QC 완료 (at run.py)
(2024-03-06 23:12:49,469) [INFO] [GPSDATA_2307_2000] QC 시작 (at run.py)
(2024-03-06 23:12:49,480) [INFO] [GPSDATA_2307_2000] QC 완료 (at run.py)
(2024-03-06 23:12:49,480) [INFO] [32m[Step 5] 항목별 데이터 QC 완료[0m (at run.py)
(2024-03-06 23:12:49,480) [INFO] ================================================== (at run.py)
(2024-03-06 23:12:49,480) [INFO] [32m[Step 6] 데이터 QC 결과 저장 작업 시작[0m (at run.py)
(2024-03-06 23:12:49,485) [INFO] 테이블 리스트 시트 생성 완료 (at run.py)
(2024-03-06 23:12:49,511) [INFO] [3 / 3] 번째 엑셀 시트 생성 완료 (at run.py)
(2024-03-06 23:12:49,544) [INFO] 테이블 리스트 시트 서식 편집 완료 (at run.py)
(2024-03-06 23:12:49,619) [INFO] [3 / 3] 번째 엑셀 시트 생성 완료 (at run.py)
(2024-03-06 23:12:49,633) [INFO] [32m[Step 6] 데이터 QC 결과 저장 작업 완료[0m (at run.py)
(2024-03-06 23:12:49,633) [INFO] [32m모든 QC 프로세스가 완료되었습니다.[0m (at run.py)
(2024-03-06 23:12:49,633) [INFO] 소요시간: 00:00:43 (at run.py)
(2024-03-06 23:12:49,634) [INFO] 산출물 파일 경로: [34m/Users/donghyun/Desktop/mata/01_work/2024/NexR_qc/output/QC결과서_20240306_231249.xlsx[0m (at run.py)
