(2024-03-07 17:09:33,573) [INFO] ================================================== (at run.py)
(2024-03-07 17:09:33,573) [INFO] [32m[Step 1] 데이터 파일 존재 여부 확인 시작[0m (at run.py)
(2024-03-07 17:09:33,573) [INFO] 총 1 개의 데이터 파일이 존재합니다. (at run.py)
(2024-03-07 17:09:34,563) [INFO] [32m[Step 1] 데이터 파일 존재 여부 확인 완료[0m (at run.py)
(2024-03-07 17:09:34,564) [INFO] ================================================== (at run.py)
(2024-03-07 17:09:34,564) [INFO] [32m[Step 2] 정의서 파일 존재 여부 확인 시작[0m (at run.py)
(2024-03-07 17:09:34,608) [INFO] [테이블정의서] 참고할 문서 파일 경로: /Users/donghyun/Desktop/mata/01_work/2024/NexR_qc/documents/테이블정의서.xlsx (at run.py)
(2024-03-07 17:09:34,651) [INFO] [컬럼정의서] 참고할 문서 파일 경로: /Users/donghyun/Desktop/mata/01_work/2024/NexR_qc/documents/컬럼정의서.xlsx (at run.py)
(2024-03-07 17:09:34,660) [INFO] [코드정의서] 참고할 문서 파일 경로: /Users/donghyun/Desktop/mata/01_work/2024/NexR_qc/documents/코드정의서.xlsx (at run.py)
(2024-03-07 17:09:34,661) [INFO] [32m[Step 2] 정의서 파일 존재 여부를 확인 완료[0m (at run.py)
(2024-03-07 17:09:34,661) [INFO] ================================================== (at run.py)
(2024-03-07 17:09:34,661) [INFO] [32m[Step 3] 사전에 등록된 결측값 확인 시작[0m (at run.py)
(2024-03-07 17:09:34,661) [INFO] 현재 결측값으로 등록된 값은 다음과 같습니다. (at run.py)
(2024-03-07 17:09:34,661) [INFO] ['?', 'na', 'null', 'Null', 'NULL', ' ', '[NULL]', 'nan', 'np.nan'] (at run.py)
(2024-03-07 17:09:34,661) [INFO] 결측값 추가 등록을 원하시면 config.json 파일 내 naList 값에 추가 시 반영됩니다. (at run.py)
(2024-03-07 17:09:34,661) [INFO] [32m[Step 3] 사전에 등록된 결측값 확인 완료[0m (at run.py)
(2024-03-07 17:09:34,661) [INFO] ================================================== (at run.py)
(2024-03-07 17:09:34,661) [INFO] [32m[Step 4] QC 사전 정보 확인 시작[0m (at run.py)
(2024-03-07 17:09:34,661) [INFO] ------------------------------ (at run.py)
(2024-03-07 17:09:34,661) [INFO] [Step 4-1] 데이터 자체 정보 확인 시작 (at run.py)
(2024-03-07 17:09:34,661) [INFO] 1 번째 데이터명: GPSDATA_2307_1000 (at run.py)
(2024-03-07 17:09:34,661) [INFO] [Step 4-1] 데이터 자체 정보 확인 완료 (at run.py)
(2024-03-07 17:09:34,661) [INFO] ------------------------------ (at run.py)
(2024-03-07 17:09:34,661) [INFO] [Step 4-2] 정의서 문서 정보 확인 시작 (at run.py)
(2024-03-07 17:09:34,661) [INFO] 테이블 정의서 내 GPSDATA_2307_1000 정보 확인 시작 (at run.py)
(2024-03-07 17:09:34,661) [INFO] 테이블 정의서에 GPSDATA_2307_1000 테이블 정보가 존재합니다. (at run.py)
(2024-03-07 17:09:34,662) [INFO] 테이블 정의서 내 GPSDATA_2307_1000 정보 확인 완료 (at run.py)
(2024-03-07 17:09:34,662) [INFO] 코드 정의서 내 GPSDATA_2307_1000 정보 확인 시작 (at run.py)
(2024-03-07 17:09:34,662) [INFO] 코드 정의서 내 GPSDATA_2307_1000 정보 확인 완료 (at run.py)
(2024-03-07 17:09:34,662) [INFO] 컬럼 정의서 내 GPSDATA_2307_1000 정보 확인 시작 (at run.py)
(2024-03-07 17:09:34,663) [INFO] 컬럼 정의서에 GPSDATA_2307_1000 테이블의 컬럼 정보가 존재합니다. (at run.py)
(2024-03-07 17:09:34,663) [INFO] 컬럼 정의서에 GPSDATA_2307_1000 테이블의 Unnamed: 0 컬럼 정보가 존재하지 않습니다. (at run.py)
(2024-03-07 17:09:34,663) [INFO] 컬럼 정의서에 GPSDATA_2307_1000 테이블의 자전거번호 컬럼 정보가 존재합니다. (at run.py)
(2024-03-07 17:09:34,663) [INFO] 컬럼 정의서에 GPSDATA_2307_1000 테이블의 대여일시 컬럼 정보가 존재합니다. (at run.py)
(2024-03-07 17:09:34,664) [INFO] 컬럼 정의서에 GPSDATA_2307_1000 테이블의 대여대여소명 컬럼 정보가 존재합니다. (at run.py)
(2024-03-07 17:09:34,664) [INFO] 컬럼 정의서에 GPSDATA_2307_1000 테이블의 반납일시 컬럼 정보가 존재합니다. (at run.py)
(2024-03-07 17:09:34,664) [INFO] 컬럼 정의서에 GPSDATA_2307_1000 테이블의 반납대여소명 컬럼 정보가 존재합니다. (at run.py)
(2024-03-07 17:09:34,665) [INFO] 컬럼 정의서에 GPSDATA_2307_1000 테이블의 이동순서 컬럼 정보가 존재합니다. (at run.py)
(2024-03-07 17:09:34,665) [INFO] 컬럼 정의서에 GPSDATA_2307_1000 테이블의 위도 컬럼 정보가 존재합니다. (at run.py)
(2024-03-07 17:09:34,665) [INFO] 컬럼 정의서에 GPSDATA_2307_1000 테이블의 경도 컬럼 정보가 존재합니다. (at run.py)
(2024-03-07 17:09:34,666) [INFO] 컬럼 정의서에 GPSDATA_2307_1000 테이블의 성별 컬럼 정보가 존재합니다. (at run.py)
(2024-03-07 17:09:34,666) [INFO] 컬럼 정의서에 GPSDATA_2307_1000 테이블의 나이 컬럼 정보가 존재합니다. (at run.py)
(2024-03-07 17:09:34,666) [INFO] [Step 4-2] 정의서 문서 정보 확인 완료 (at run.py)
(2024-03-07 17:09:34,666) [INFO] [32m[Step 4] QC 사전 정보 확인 완료[0m (at run.py)
(2024-03-07 17:09:34,666) [INFO] ================================================== (at run.py)
(2024-03-07 17:09:34,666) [INFO] [32m[Step 5] 항목별 데이터 QC 시작[0m (at run.py)
(2024-03-07 17:09:34,667) [INFO] [GPSDATA_2307_1000] QC 시작 (at run.py)
